{"numFailedTestSuites":0,"numFailedTests":0,"numPassedTestSuites":16,"numPassedTests":524,"numPendingTestSuites":0,"numPendingTests":8,"numRuntimeErrorTestSuites":0,"numTodoTests":0,"numTotalTestSuites":16,"numTotalTests":532,"openHandles":[],"snapshot":{"added":0,"didUpdate":false,"failure":false,"filesAdded":0,"filesRemoved":0,"filesRemovedList":[],"filesUnmatched":0,"filesUpdated":0,"matched":2,"total":2,"unchecked":0,"uncheckedKeysByFile":[],"unmatched":0,"updated":0},"startTime":1774850222089,"success":true,"testResults":[{"assertionResults":[{"ancestorTitles":["PR #2150 - Margin consistency"],"duration":3,"failing":false,"failureDetails":[],"failureMessages":[],"fullName":"PR #2150 - Margin consistency should have consistent margins when margin is [1,1]","invocations":1,"location":null,"numPassingAsserts":11,"retryReasons":[],"startAt":1774850224136,"status":"passed","title":"should have consistent margins when margin is [1,1]"},{"ancestorTitles":["PR #2150 - Margin consistency"],"duration":1,"failing":false,"failureDetails":[],"failureMessages":[],"fullName":"PR #2150 - Margin consistency should have consistent margins when margin is [5,5]","invocations":1,"location":null,"numPassingAsserts":9,"retryReasons":[],"startAt":1774850224139,"status":"passed","title":"should have consistent margins when margin is [5,5]"},{"ancestorTitles":["PR #2150 - Margin consistency"],"duration":0,"failing":false,"failureDetails":[],"failureMessages":[],"fullName":"PR #2150 - Margin consistency should have consistent vertical margins","invocations":1,"location":null,"numPassingAsserts":9,"retryReasons":[],"startAt":1774850224140,"status":"passed","title":"should have consistent vertical margins"},{"ancestorTitles":["PR #2150 - Margin consistency"],"duration":1,"failing":false,"failureDetails":[],"failureMessages":[],"fullName":"PR #2150 - Margin consistency should work with zero margins (no gaps)","invocations":1,"location":null,"numPassingAsserts":11,"retryReasons":[],"startAt":1774850224140,"status":"passed","title":"should work with zero margins (no gaps)"},{"ancestorTitles":["PR #2150 - Margin consistency"],"duration":0,"failing":false,"failureDetails":[],"failureMessages":[],"fullName":"PR #2150 - Margin consistency should work with multi-column items","invocations":1,"location":null,"numPassingAsserts":1,"retryReasons":[],"startAt":1774850224141,"status":"passed","title":"should work with multi-column items"}],"endTime":1774850224142,"message":"","name":"/Users/mac-SGUISS21/90-temp/react-grid-layout/test/spec/margin-consistency.test.ts","startTime":1774850223124,"status":"passed","summary":""},{"assertionResults":[{"ancestorTitles":["PR #2167 - Drop item alignment","Correct column width calculation"],"duration":8,"failing":false,"failureDetails":[],"failureMessages":[],"fullName":"PR #2167 - Drop item alignment Correct column width calculation should calculate column width accounting for margins and padding","invocations":1,"location":null,"numPassingAsserts":1,"retryReasons":[],"startAt":1774850224175,"status":"passed","title":"should calculate column width accounting for margins and padding"},{"ancestorTitles":["PR #2167 - Drop item alignment","Correct column width calculation"],"duration":0,"failing":false,"failureDetails":[],"failureMessages":[],"fullName":"PR #2167 - Drop item alignment Correct column width calculation should calculate item pixel width including inter-cell margins","invocations":1,"location":null,"numPassingAsserts":1,"retryReasons":[],"startAt":1774850224184,"status":"passed","title":"should calculate item pixel width including inter-cell margins"},{"ancestorTitles":["PR #2167 - Drop item alignment","Item centering calculation with correct dimensions"],"duration":0,"failing":false,"failureDetails":[],"failureMessages":[],"fullName":"PR #2167 - Drop item alignment Item centering calculation with correct dimensions should center a 1x1 item on cursor position","invocations":1,"location":null,"numPassingAsserts":2,"retryReasons":[],"startAt":1774850224184,"status":"passed","title":"should center a 1x1 item on cursor position"},{"ancestorTitles":["PR #2167 - Drop item alignment","Item centering calculation with correct dimensions"],"duration":1,"failing":false,"failureDetails":[],"failureMessages":[],"fullName":"PR #2167 - Drop item alignment Item centering calculation with correct dimensions should center a 2x2 item on cursor position","invocations":1,"location":null,"numPassingAsserts":4,"retryReasons":[],"startAt":1774850224184,"status":"passed","title":"should center a 2x2 item on cursor position"},{"ancestorTitles":["PR #2167 - Drop item alignment","Item centering calculation with correct dimensions"],"duration":0,"failing":false,"failureDetails":[],"failureMessages":[],"fullName":"PR #2167 - Drop item alignment Item centering calculation with correct dimensions should clamp to grid bounds when centering would go negative","invocations":1,"location":null,"numPassingAsserts":4,"retryReasons":[],"startAt":1774850224185,"status":"passed","title":"should clamp to grid bounds when centering would go negative"},{"ancestorTitles":["PR #2167 - Drop item alignment","Cursor offset awareness"],"duration":0,"failing":false,"failureDetails":[],"failureMessages":[],"fullName":"PR #2167 - Drop item alignment Cursor offset awareness should support dragOffsetX for horizontal cursor offset","invocations":1,"location":null,"numPassingAsserts":2,"retryReasons":[],"startAt":1774850224185,"status":"passed","title":"should support dragOffsetX for horizontal cursor offset"},{"ancestorTitles":["PR #2167 - Drop item alignment","Cursor offset awareness"],"duration":1,"failing":false,"failureDetails":[],"failureMessages":[],"fullName":"PR #2167 - Drop item alignment Cursor offset awareness should support dragOffsetY for vertical cursor offset","invocations":1,"location":null,"numPassingAsserts":2,"retryReasons":[],"startAt":1774850224185,"status":"passed","title":"should support dragOffsetY for vertical cursor offset"},{"ancestorTitles":["PR #2167 - Drop item alignment","Grid with different margins"],"duration":0,"failing":false,"failureDetails":[],"failureMessages":[],"fullName":"PR #2167 - Drop item alignment Grid with different margins should handle zero margins correctly","invocations":1,"location":null,"numPassingAsserts":5,"retryReasons":[],"startAt":1774850224186,"status":"passed","title":"should handle zero margins correctly"},{"ancestorTitles":["PR #2167 - Drop item alignment","Grid with different margins"],"duration":0,"failing":false,"failureDetails":[],"failureMessages":[],"fullName":"PR #2167 - Drop item alignment Grid with different margins should handle large margins correctly","invocations":1,"location":null,"numPassingAsserts":3,"retryReasons":[],"startAt":1774850224186,"status":"passed","title":"should handle large margins correctly"}],"endTime":1774850224187,"message":"","name":"/Users/mac-SGUISS21/90-temp/react-grid-layout/test/spec/drop-alignment.test.ts","startTime":1774850223129,"status":"passed","summary":""},{"assertionResults":[{"ancestorTitles":["wrapCompactor","basic properties"],"duration":3,"failing":false,"failureDetails":[],"failureMessages":[],"fullName":"wrapCompactor basic properties has correct type","invocations":1,"location":null,"numPassingAsserts":1,"retryReasons":[],"startAt":1774850224205,"status":"passed","title":"has correct type"},{"ancestorTitles":["wrapCompactor","basic properties"],"duration":0,"failing":false,"failureDetails":[],"failureMessages":[],"fullName":"wrapCompactor basic properties has allowOverlap false","invocations":1,"location":null,"numPassingAsserts":1,"retryReasons":[],"startAt":1774850224208,"status":"passed","title":"has allowOverlap false"},{"ancestorTitles":["wrapCompactor","compact"],"duration":1,"failing":false,"failureDetails":[],"failureMessages":[],"fullName":"wrapCompactor compact handles empty layout","invocations":1,"location":null,"numPassingAsserts":1,"retryReasons":[],"startAt":1774850224208,"status":"passed","title":"handles empty layout"},{"ancestorTitles":["wrapCompactor","compact"],"duration":0,"failing":false,"failureDetails":[],"failureMessages":[],"fullName":"wrapCompactor compact handles single item","invocations":1,"location":null,"numPassingAsserts":2,"retryReasons":[],"startAt":1774850224209,"status":"passed","title":"handles single item"},{"ancestorTitles":["wrapCompactor","compact"],"duration":1,"failing":false,"failureDetails":[],"failureMessages":[],"fullName":"wrapCompactor compact compacts items in reading order (left-to-right, top-to-bottom)","invocations":1,"location":null,"numPassingAsserts":6,"retryReasons":[],"startAt":1774850224209,"status":"passed","title":"compacts items in reading order (left-to-right, top-to-bottom)"},{"ancestorTitles":["wrapCompactor","compact"],"duration":0,"failing":false,"failureDetails":[],"failureMessages":[],"fullName":"wrapCompactor compact wraps to next row when exceeding cols","invocations":1,"location":null,"numPassingAsserts":4,"retryReasons":[],"startAt":1774850224210,"status":"passed","title":"wraps to next row when exceeding cols"},{"ancestorTitles":["wrapCompactor","compact"],"duration":1,"failing":false,"failureDetails":[],"failureMessages":[],"fullName":"wrapCompactor compact respects static items","invocations":1,"location":null,"numPassingAsserts":4,"retryReasons":[],"startAt":1774850224210,"status":"passed","title":"respects static items"},{"ancestorTitles":["wrapCompactor","compact"],"duration":0,"failing":false,"failureDetails":[],"failureMessages":[],"fullName":"wrapCompactor compact preserves original array order in output","invocations":1,"location":null,"numPassingAsserts":2,"retryReasons":[],"startAt":1774850224211,"status":"passed","title":"preserves original array order in output"},{"ancestorTitles":["wrapOverlapCompactor"],"duration":0,"failing":false,"failureDetails":[],"failureMessages":[],"fullName":"wrapOverlapCompactor has correct type","invocations":1,"location":null,"numPassingAsserts":1,"retryReasons":[],"startAt":1774850224211,"status":"passed","title":"has correct type"},{"ancestorTitles":["wrapOverlapCompactor"],"duration":0,"failing":false,"failureDetails":[],"failureMessages":[],"fullName":"wrapOverlapCompactor has allowOverlap true","invocations":1,"location":null,"numPassingAsserts":1,"retryReasons":[],"startAt":1774850224211,"status":"passed","title":"has allowOverlap true"},{"ancestorTitles":["wrapOverlapCompactor"],"duration":0,"failing":false,"failureDetails":[],"failureMessages":[],"fullName":"wrapOverlapCompactor compact clones without moving","invocations":1,"location":null,"numPassingAsserts":2,"retryReasons":[],"startAt":1774850224212,"status":"passed","title":"compact clones without moving"},{"ancestorTitles":["Compactor interface compliance"],"duration":0,"failing":false,"failureDetails":[],"failureMessages":[],"fullName":"Compactor interface compliance has required properties","invocations":1,"location":null,"numPassingAsserts":3,"retryReasons":[],"startAt":1774850224212,"status":"passed","title":"has required properties"},{"ancestorTitles":["Compactor interface compliance"],"duration":0,"failing":false,"failureDetails":[],"failureMessages":[],"fullName":"Compactor interface compliance compact returns an array","invocations":1,"location":null,"numPassingAsserts":1,"retryReasons":[],"startAt":1774850224212,"status":"passed","title":"compact returns an array"},{"ancestorTitles":["Compactor interface compliance"],"duration":1,"failing":false,"failureDetails":[],"failureMessages":[],"fullName":"Compactor interface compliance compact preserves item count","invocations":1,"location":null,"numPassingAsserts":1,"retryReasons":[],"startAt":1774850224212,"status":"passed","title":"compact preserves item count"},{"ancestorTitles":["Compactor interface compliance"],"duration":0,"failing":false,"failureDetails":[],"failureMessages":[],"fullName":"Compactor interface compliance compact preserves item properties","invocations":1,"location":null,"numPassingAsserts":7,"retryReasons":[],"startAt":1774850224213,"status":"passed","title":"compact preserves item properties"}],"endTime":1774850224214,"message":"","name":"/Users/mac-SGUISS21/90-temp/react-grid-layout/test/spec/wrapCompactor-test.ts","startTime":1774850223122,"status":"passed","summary":""},{"assertionResults":[{"ancestorTitles":["Compactors","verticalCompactor"],"duration":3,"failing":false,"failureDetails":[],"failureMessages":[],"fullName":"Compactors verticalCompactor has correct type","invocations":1,"location":null,"numPassingAsserts":1,"retryReasons":[],"startAt":1774850224205,"status":"passed","title":"has correct type"},{"ancestorTitles":["Compactors","verticalCompactor"],"duration":1,"failing":false,"failureDetails":[],"failureMessages":[],"fullName":"Compactors verticalCompactor compacts items to the top","invocations":1,"location":null,"numPassingAsserts":2,"retryReasons":[],"startAt":1774850224208,"status":"passed","title":"compacts items to the top"},{"ancestorTitles":["Compactors","verticalCompactor"],"duration":0,"failing":false,"failureDetails":[],"failureMessages":[],"fullName":"Compactors verticalCompactor stacks items vertically when they overlap horizontally","invocations":1,"location":null,"numPassingAsserts":2,"retryReasons":[],"startAt":1774850224209,"status":"passed","title":"stacks items vertically when they overlap horizontally"},{"ancestorTitles":["Compactors","verticalCompactor"],"duration":0,"failing":false,"failureDetails":[],"failureMessages":[],"fullName":"Compactors verticalCompactor respects static items","invocations":1,"location":null,"numPassingAsserts":2,"retryReasons":[],"startAt":1774850224209,"status":"passed","title":"respects static items"},{"ancestorTitles":["Compactors","verticalCompactor"],"duration":1,"failing":false,"failureDetails":[],"failureMessages":[],"fullName":"Compactors verticalCompactor handles empty layout","invocations":1,"location":null,"numPassingAsserts":1,"retryReasons":[],"startAt":1774850224209,"status":"passed","title":"handles empty layout"},{"ancestorTitles":["Compactors","verticalCompactor"],"duration":0,"failing":false,"failureDetails":[],"failureMessages":[],"fullName":"Compactors verticalCompactor handles single item","invocations":1,"location":null,"numPassingAsserts":1,"retryReasons":[],"startAt":1774850224210,"status":"passed","title":"handles single item"},{"ancestorTitles":["Compactors","verticalCompactor"],"duration":0,"failing":false,"failureDetails":[],"failureMessages":[],"fullName":"Compactors verticalCompactor preserves x position during vertical compaction","invocations":1,"location":null,"numPassingAsserts":2,"retryReasons":[],"startAt":1774850224210,"status":"passed","title":"preserves x position during vertical compaction"},{"ancestorTitles":["Compactors","verticalCompactor"],"duration":0,"failing":false,"failureDetails":[],"failureMessages":[],"fullName":"Compactors verticalCompactor handles items at different x positions independently","invocations":1,"location":null,"numPassingAsserts":2,"retryReasons":[],"startAt":1774850224210,"status":"passed","title":"handles items at different x positions independently"},{"ancestorTitles":["Compactors","horizontalCompactor"],"duration":0,"failing":false,"failureDetails":[],"failureMessages":[],"fullName":"Compactors horizontalCompactor has correct type","invocations":1,"location":null,"numPassingAsserts":1,"retryReasons":[],"startAt":1774850224211,"status":"passed","title":"has correct type"},{"ancestorTitles":["Compactors","horizontalCompactor"],"duration":0,"failing":false,"failureDetails":[],"failureMessages":[],"fullName":"Compactors horizontalCompactor compacts items to the left","invocations":1,"location":null,"numPassingAsserts":2,"retryReasons":[],"startAt":1774850224211,"status":"passed","title":"compacts items to the left"},{"ancestorTitles":["Compactors","horizontalCompactor"],"duration":0,"failing":false,"failureDetails":[],"failureMessages":[],"fullName":"Compactors horizontalCompactor stacks items horizontally when they overlap vertically","invocations":1,"location":null,"numPassingAsserts":2,"retryReasons":[],"startAt":1774850224211,"status":"passed","title":"stacks items horizontally when they overlap vertically"},{"ancestorTitles":["Compactors","horizontalCompactor"],"duration":0,"failing":false,"failureDetails":[],"failureMessages":[],"fullName":"Compactors horizontalCompactor handles empty layout","invocations":1,"location":null,"numPassingAsserts":1,"retryReasons":[],"startAt":1774850224211,"status":"passed","title":"handles empty layout"},{"ancestorTitles":["Compactors","horizontalCompactor"],"duration":1,"failing":false,"failureDetails":[],"failureMessages":[],"fullName":"Compactors horizontalCompactor preserves y position during horizontal compaction","invocations":1,"location":null,"numPassingAsserts":2,"retryReasons":[],"startAt":1774850224211,"status":"passed","title":"preserves y position during horizontal compaction"},{"ancestorTitles":["Compactors","noCompactor"],"duration":0,"failing":false,"failureDetails":[],"failureMessages":[],"fullName":"Compactors noCompactor has null type","invocations":1,"location":null,"numPassingAsserts":1,"retryReasons":[],"startAt":1774850224212,"status":"passed","title":"has null type"},{"ancestorTitles":["Compactors","noCompactor"],"duration":0,"failing":false,"failureDetails":[],"failureMessages":[],"fullName":"Compactors noCompactor returns layout unchanged","invocations":1,"location":null,"numPassingAsserts":1,"retryReasons":[],"startAt":1774850224212,"status":"passed","title":"returns layout unchanged"},{"ancestorTitles":["Compactors","noCompactor"],"duration":1,"failing":false,"failureDetails":[],"failureMessages":[],"fullName":"Compactors noCompactor handles empty layout","invocations":1,"location":null,"numPassingAsserts":1,"retryReasons":[],"startAt":1774850224212,"status":"passed","title":"handles empty layout"},{"ancestorTitles":["Compactors","getCompactor"],"duration":0,"failing":false,"failureDetails":[],"failureMessages":[],"fullName":"Compactors getCompactor returns verticalCompactor for 'vertical'","invocations":1,"location":null,"numPassingAsserts":1,"retryReasons":[],"startAt":1774850224213,"status":"passed","title":"returns verticalCompactor for 'vertical'"},{"ancestorTitles":["Compactors","getCompactor"],"duration":0,"failing":false,"failureDetails":[],"failureMessages":[],"fullName":"Compactors getCompactor returns horizontalCompactor for 'horizontal'","invocations":1,"location":null,"numPassingAsserts":1,"retryReasons":[],"startAt":1774850224213,"status":"passed","title":"returns horizontalCompactor for 'horizontal'"},{"ancestorTitles":["Compactors","getCompactor"],"duration":0,"failing":false,"failureDetails":[],"failureMessages":[],"fullName":"Compactors getCompactor returns noCompactor for null","invocations":1,"location":null,"numPassingAsserts":1,"retryReasons":[],"startAt":1774850224213,"status":"passed","title":"returns noCompactor for null"},{"ancestorTitles":["Compactors","getCompactor"],"duration":0,"failing":false,"failureDetails":[],"failureMessages":[],"fullName":"Compactors getCompactor returns noCompactor for undefined","invocations":1,"location":null,"numPassingAsserts":1,"retryReasons":[],"startAt":1774850224213,"status":"passed","title":"returns noCompactor for undefined"},{"ancestorTitles":["Compactors","Compactor interface compliance","vertical compactor"],"duration":4,"failing":false,"failureDetails":[],"failureMessages":[],"fullName":"Compactors Compactor interface compliance vertical compactor has a type property","invocations":1,"location":null,"numPassingAsserts":1,"retryReasons":[],"startAt":1774850224213,"status":"passed","title":"has a type property"},{"ancestorTitles":["Compactors","Compactor interface compliance","vertical compactor"],"duration":0,"failing":false,"failureDetails":[],"failureMessages":[],"fullName":"Compactors Compactor interface compliance vertical compactor has a compact method","invocations":1,"location":null,"numPassingAsserts":1,"retryReasons":[],"startAt":1774850224217,"status":"passed","title":"has a compact method"},{"ancestorTitles":["Compactors","Compactor interface compliance","vertical compactor"],"duration":0,"failing":false,"failureDetails":[],"failureMessages":[],"fullName":"Compactors Compactor interface compliance vertical compactor compact returns an array","invocations":1,"location":null,"numPassingAsserts":1,"retryReasons":[],"startAt":1774850224217,"status":"passed","title":"compact returns an array"},{"ancestorTitles":["Compactors","Compactor interface compliance","vertical compactor"],"duration":0,"failing":false,"failureDetails":[],"failureMessages":[],"fullName":"Compactors Compactor interface compliance vertical compactor compact preserves item count","invocations":1,"location":null,"numPassingAsserts":1,"retryReasons":[],"startAt":1774850224217,"status":"passed","title":"compact preserves item count"},{"ancestorTitles":["Compactors","Compactor interface compliance","vertical compactor"],"duration":1,"failing":false,"failureDetails":[],"failureMessages":[],"fullName":"Compactors Compactor interface compliance vertical compactor compact preserves item properties","invocations":1,"location":null,"numPassingAsserts":7,"retryReasons":[],"startAt":1774850224217,"status":"passed","title":"compact preserves item properties"},{"ancestorTitles":["Compactors","Compactor interface compliance","horizontal compactor"],"duration":0,"failing":false,"failureDetails":[],"failureMessages":[],"fullName":"Compactors Compactor interface compliance horizontal compactor has a type property","invocations":1,"location":null,"numPassingAsserts":1,"retryReasons":[],"startAt":1774850224218,"status":"passed","title":"has a type property"},{"ancestorTitles":["Compactors","Compactor interface compliance","horizontal compactor"],"duration":0,"failing":false,"failureDetails":[],"failureMessages":[],"fullName":"Compactors Compactor interface compliance horizontal compactor has a compact method","invocations":1,"location":null,"numPassingAsserts":1,"retryReasons":[],"startAt":1774850224218,"status":"passed","title":"has a compact method"},{"ancestorTitles":["Compactors","Compactor interface compliance","horizontal compactor"],"duration":0,"failing":false,"failureDetails":[],"failureMessages":[],"fullName":"Compactors Compactor interface compliance horizontal compactor compact returns an array","invocations":1,"location":null,"numPassingAsserts":1,"retryReasons":[],"startAt":1774850224218,"status":"passed","title":"compact returns an array"},{"ancestorTitles":["Compactors","Compactor interface compliance","horizontal compactor"],"duration":0,"failing":false,"failureDetails":[],"failureMessages":[],"fullName":"Compactors Compactor interface compliance horizontal compactor compact preserves item count","invocations":1,"location":null,"numPassingAsserts":1,"retryReasons":[],"startAt":1774850224218,"status":"passed","title":"compact preserves item count"},{"ancestorTitles":["Compactors","Compactor interface compliance","horizontal compactor"],"duration":0,"failing":false,"failureDetails":[],"failureMessages":[],"fullName":"Compactors Compactor interface compliance horizontal compactor compact preserves item properties","invocations":1,"location":null,"numPassingAsserts":7,"retryReasons":[],"startAt":1774850224218,"status":"passed","title":"compact preserves item properties"},{"ancestorTitles":["Compactors","Compactor interface compliance","no compactor"],"duration":0,"failing":false,"failureDetails":[],"failureMessages":[],"fullName":"Compactors Compactor interface compliance no compactor has a type property","invocations":1,"location":null,"numPassingAsserts":1,"retryReasons":[],"startAt":1774850224218,"status":"passed","title":"has a type property"},{"ancestorTitles":["Compactors","Compactor interface compliance","no compactor"],"duration":1,"failing":false,"failureDetails":[],"failureMessages":[],"fullName":"Compactors Compactor interface compliance no compactor has a compact method","invocations":1,"location":null,"numPassingAsserts":1,"retryReasons":[],"startAt":1774850224218,"status":"passed","title":"has a compact method"},{"ancestorTitles":["Compactors","Compactor interface compliance","no compactor"],"duration":0,"failing":false,"failureDetails":[],"failureMessages":[],"fullName":"Compactors Compactor interface compliance no compactor compact returns an array","invocations":1,"location":null,"numPassingAsserts":1,"retryReasons":[],"startAt":1774850224219,"status":"passed","title":"compact returns an array"},{"ancestorTitles":["Compactors","Compactor interface compliance","no compactor"],"duration":0,"failing":false,"failureDetails":[],"failureMessages":[],"fullName":"Compactors Compactor interface compliance no compactor compact preserves item count","invocations":1,"location":null,"numPassingAsserts":1,"retryReasons":[],"startAt":1774850224219,"status":"passed","title":"compact preserves item count"},{"ancestorTitles":["Compactors","Compactor interface compliance","no compactor"],"duration":0,"failing":false,"failureDetails":[],"failureMessages":[],"fullName":"Compactors Compactor interface compliance no compactor compact preserves item properties","invocations":1,"location":null,"numPassingAsserts":7,"retryReasons":[],"startAt":1774850224219,"status":"passed","title":"compact preserves item properties"},{"ancestorTitles":["Compactors","Overlap-allowing compactors"],"duration":0,"failing":false,"failureDetails":[],"failureMessages":[],"fullName":"Compactors Overlap-allowing compactors verticalOverlapCompactor has allowOverlap true","invocations":1,"location":null,"numPassingAsserts":2,"retryReasons":[],"startAt":1774850224219,"status":"passed","title":"verticalOverlapCompactor has allowOverlap true"},{"ancestorTitles":["Compactors","Overlap-allowing compactors"],"duration":0,"failing":false,"failureDetails":[],"failureMessages":[],"fullName":"Compactors Overlap-allowing compactors horizontalOverlapCompactor has allowOverlap true","invocations":1,"location":null,"numPassingAsserts":2,"retryReasons":[],"startAt":1774850224219,"status":"passed","title":"horizontalOverlapCompactor has allowOverlap true"},{"ancestorTitles":["Compactors","Overlap-allowing compactors"],"duration":0,"failing":false,"failureDetails":[],"failureMessages":[],"fullName":"Compactors Overlap-allowing compactors noOverlapCompactor has allowOverlap true and type null","invocations":1,"location":null,"numPassingAsserts":2,"retryReasons":[],"startAt":1774850224219,"status":"passed","title":"noOverlapCompactor has allowOverlap true and type null"},{"ancestorTitles":["Compactors","Overlap-allowing compactors"],"duration":1,"failing":false,"failureDetails":[],"failureMessages":[],"fullName":"Compactors Overlap-allowing compactors verticalOverlapCompactor.compact clones without moving","invocations":1,"location":null,"numPassingAsserts":2,"retryReasons":[],"startAt":1774850224219,"status":"passed","title":"verticalOverlapCompactor.compact clones without moving"},{"ancestorTitles":["Compactors","Overlap-allowing compactors"],"duration":0,"failing":false,"failureDetails":[],"failureMessages":[],"fullName":"Compactors Overlap-allowing compactors horizontalOverlapCompactor.compact clones without moving","invocations":1,"location":null,"numPassingAsserts":2,"retryReasons":[],"startAt":1774850224220,"status":"passed","title":"horizontalOverlapCompactor.compact clones without moving"},{"ancestorTitles":["Compactors","getCompactor with allowOverlap"],"duration":0,"failing":false,"failureDetails":[],"failureMessages":[],"fullName":"Compactors getCompactor with allowOverlap returns verticalOverlapCompactor for vertical with allowOverlap","invocations":1,"location":null,"numPassingAsserts":2,"retryReasons":[],"startAt":1774850224220,"status":"passed","title":"returns verticalOverlapCompactor for vertical with allowOverlap"},{"ancestorTitles":["Compactors","getCompactor with allowOverlap"],"duration":0,"failing":false,"failureDetails":[],"failureMessages":[],"fullName":"Compactors getCompactor with allowOverlap returns horizontalOverlapCompactor for horizontal with allowOverlap","invocations":1,"location":null,"numPassingAsserts":2,"retryReasons":[],"startAt":1774850224220,"status":"passed","title":"returns horizontalOverlapCompactor for horizontal with allowOverlap"},{"ancestorTitles":["Compactors","getCompactor with allowOverlap"],"duration":0,"failing":false,"failureDetails":[],"failureMessages":[],"fullName":"Compactors getCompactor with allowOverlap returns noOverlapCompactor for null with allowOverlap","invocations":1,"location":null,"numPassingAsserts":2,"retryReasons":[],"startAt":1774850224220,"status":"passed","title":"returns noOverlapCompactor for null with allowOverlap"},{"ancestorTitles":["Compactors","getCompactor with allowOverlap"],"duration":0,"failing":false,"failureDetails":[],"failureMessages":[],"fullName":"Compactors getCompactor with allowOverlap returns compactor with preventCollision flag","invocations":1,"location":null,"numPassingAsserts":2,"retryReasons":[],"startAt":1774850224220,"status":"passed","title":"returns compactor with preventCollision flag"},{"ancestorTitles":["Compactors","Collision resolution"],"duration":0,"failing":false,"failureDetails":[],"failureMessages":[],"fullName":"Compactors Collision resolution resolves collision by moving items down","invocations":1,"location":null,"numPassingAsserts":2,"retryReasons":[],"startAt":1774850224220,"status":"passed","title":"resolves collision by moving items down"},{"ancestorTitles":["Compactors","Collision resolution"],"duration":1,"failing":false,"failureDetails":[],"failureMessages":[],"fullName":"Compactors Collision resolution horizontal compactor resolves collisions by moving right","invocations":1,"location":null,"numPassingAsserts":2,"retryReasons":[],"startAt":1774850224220,"status":"passed","title":"horizontal compactor resolves collisions by moving right"},{"ancestorTitles":["Compactors","Edge cases"],"duration":0,"failing":false,"failureDetails":[],"failureMessages":[],"fullName":"Compactors Edge cases handles items with zero width","invocations":1,"location":null,"numPassingAsserts":1,"retryReasons":[],"startAt":1774850224221,"status":"passed","title":"handles items with zero width"},{"ancestorTitles":["Compactors","Edge cases"],"duration":0,"failing":false,"failureDetails":[],"failureMessages":[],"fullName":"Compactors Edge cases handles items with zero height","invocations":1,"location":null,"numPassingAsserts":1,"retryReasons":[],"startAt":1774850224221,"status":"passed","title":"handles items with zero height"},{"ancestorTitles":["Compactors","Edge cases"],"duration":0,"failing":false,"failureDetails":[],"failureMessages":[],"fullName":"Compactors Edge cases handles items wider than cols","invocations":1,"location":null,"numPassingAsserts":1,"retryReasons":[],"startAt":1774850224221,"status":"passed","title":"handles items wider than cols"},{"ancestorTitles":["Compactors","Edge cases"],"duration":0,"failing":false,"failureDetails":[],"failureMessages":[],"fullName":"Compactors Edge cases handles negative positions","invocations":1,"location":null,"numPassingAsserts":1,"retryReasons":[],"startAt":1774850224221,"status":"passed","title":"handles negative positions"},{"ancestorTitles":["Compactors","Edge cases"],"duration":2,"failing":false,"failureDetails":[],"failureMessages":[],"fullName":"Compactors Edge cases handles very large layout","invocations":1,"location":null,"numPassingAsserts":2,"retryReasons":[],"startAt":1774850224221,"status":"passed","title":"handles very large layout"}],"endTime":1774850224224,"message":"","name":"/Users/mac-SGUISS21/90-temp/react-grid-layout/test/spec/compactors-test.ts","startTime":1774850223125,"status":"passed","summary":""},{"assertionResults":[{"ancestorTitles":["Constraints","gridBounds"],"duration":3,"failing":false,"failureDetails":[],"failureMessages":[],"fullName":"Constraints gridBounds has correct name","invocations":1,"location":null,"numPassingAsserts":1,"retryReasons":[],"startAt":1774850224198,"status":"passed","title":"has correct name"},{"ancestorTitles":["Constraints","gridBounds"],"duration":0,"failing":false,"failureDetails":[],"failureMessages":[],"fullName":"Constraints gridBounds constrains position within grid bounds","invocations":1,"location":null,"numPassingAsserts":4,"retryReasons":[],"startAt":1774850224201,"status":"passed","title":"constrains position within grid bounds"},{"ancestorTitles":["Constraints","gridBounds"],"duration":1,"failing":false,"failureDetails":[],"failureMessages":[],"fullName":"Constraints gridBounds constrains size within grid bounds","invocations":1,"location":null,"numPassingAsserts":4,"retryReasons":[],"startAt":1774850224201,"status":"passed","title":"constrains size within grid bounds"},{"ancestorTitles":["Constraints","gridBounds"],"duration":0,"failing":false,"failureDetails":[],"failureMessages":[],"fullName":"Constraints gridBounds allows valid positions unchanged","invocations":1,"location":null,"numPassingAsserts":2,"retryReasons":[],"startAt":1774850224202,"status":"passed","title":"allows valid positions unchanged"},{"ancestorTitles":["Constraints","gridBounds"],"duration":1,"failing":false,"failureDetails":[],"failureMessages":[],"fullName":"Constraints gridBounds constrains size for west-side handles based on right edge","invocations":1,"location":null,"numPassingAsserts":3,"retryReasons":[],"startAt":1774850224202,"status":"passed","title":"constrains size for west-side handles based on right edge"},{"ancestorTitles":["Constraints","gridBounds"],"duration":0,"failing":false,"failureDetails":[],"failureMessages":[],"fullName":"Constraints gridBounds constrains size for north-side handles based on bottom edge","invocations":1,"location":null,"numPassingAsserts":3,"retryReasons":[],"startAt":1774850224203,"status":"passed","title":"constrains size for north-side handles based on bottom edge"},{"ancestorTitles":["Constraints","gridBounds"],"duration":0,"failing":false,"failureDetails":[],"failureMessages":[],"fullName":"Constraints gridBounds constrains size for east-side handles based on left edge","invocations":1,"location":null,"numPassingAsserts":2,"retryReasons":[],"startAt":1774850224203,"status":"passed","title":"constrains size for east-side handles based on left edge"},{"ancestorTitles":["Constraints","gridBounds"],"duration":0,"failing":false,"failureDetails":[],"failureMessages":[],"fullName":"Constraints gridBounds constrains size for south-side handles based on top edge","invocations":1,"location":null,"numPassingAsserts":2,"retryReasons":[],"startAt":1774850224203,"status":"passed","title":"constrains size for south-side handles based on top edge"},{"ancestorTitles":["Constraints","minMaxSize"],"duration":1,"failing":false,"failureDetails":[],"failureMessages":[],"fullName":"Constraints minMaxSize has correct name","invocations":1,"location":null,"numPassingAsserts":1,"retryReasons":[],"startAt":1774850224203,"status":"passed","title":"has correct name"},{"ancestorTitles":["Constraints","minMaxSize"],"duration":0,"failing":false,"failureDetails":[],"failureMessages":[],"fullName":"Constraints minMaxSize does not have constrainPosition","invocations":1,"location":null,"numPassingAsserts":1,"retryReasons":[],"startAt":1774850224204,"status":"passed","title":"does not have constrainPosition"},{"ancestorTitles":["Constraints","minMaxSize"],"duration":0,"failing":false,"failureDetails":[],"failureMessages":[],"fullName":"Constraints minMaxSize constrains size to item min/max values","invocations":1,"location":null,"numPassingAsserts":4,"retryReasons":[],"startAt":1774850224204,"status":"passed","title":"constrains size to item min/max values"},{"ancestorTitles":["Constraints","minMaxSize"],"duration":0,"failing":false,"failureDetails":[],"failureMessages":[],"fullName":"Constraints minMaxSize uses default min of 1 when not specified","invocations":1,"location":null,"numPassingAsserts":2,"retryReasons":[],"startAt":1774850224204,"status":"passed","title":"uses default min of 1 when not specified"},{"ancestorTitles":["Constraints","minMaxSize"],"duration":1,"failing":false,"failureDetails":[],"failureMessages":[],"fullName":"Constraints minMaxSize allows Infinity max when not specified","invocations":1,"location":null,"numPassingAsserts":2,"retryReasons":[],"startAt":1774850224204,"status":"passed","title":"allows Infinity max when not specified"},{"ancestorTitles":["Constraints","containerBounds"],"duration":0,"failing":false,"failureDetails":[],"failureMessages":[],"fullName":"Constraints containerBounds has correct name","invocations":1,"location":null,"numPassingAsserts":1,"retryReasons":[],"startAt":1774850224205,"status":"passed","title":"has correct name"},{"ancestorTitles":["Constraints","containerBounds"],"duration":0,"failing":false,"failureDetails":[],"failureMessages":[],"fullName":"Constraints containerBounds constrains position using container height to calculate visible rows","invocations":1,"location":null,"numPassingAsserts":2,"retryReasons":[],"startAt":1774850224205,"status":"passed","title":"constrains position using container height to calculate visible rows"},{"ancestorTitles":["Constraints","containerBounds"],"duration":0,"failing":false,"failureDetails":[],"failureMessages":[],"fullName":"Constraints containerBounds falls back to maxRows when containerHeight is 0 (auto-height)","invocations":1,"location":null,"numPassingAsserts":2,"retryReasons":[],"startAt":1774850224205,"status":"passed","title":"falls back to maxRows when containerHeight is 0 (auto-height)"},{"ancestorTitles":["Constraints","containerBounds"],"duration":0,"failing":false,"failureDetails":[],"failureMessages":[],"fullName":"Constraints containerBounds does not have constrainSize","invocations":1,"location":null,"numPassingAsserts":1,"retryReasons":[],"startAt":1774850224205,"status":"passed","title":"does not have constrainSize"},{"ancestorTitles":["Constraints","boundedX"],"duration":0,"failing":false,"failureDetails":[],"failureMessages":[],"fullName":"Constraints boundedX has correct name","invocations":1,"location":null,"numPassingAsserts":1,"retryReasons":[],"startAt":1774850224205,"status":"passed","title":"has correct name"},{"ancestorTitles":["Constraints","boundedX"],"duration":1,"failing":false,"failureDetails":[],"failureMessages":[],"fullName":"Constraints boundedX only constrains x position","invocations":1,"location":null,"numPassingAsserts":2,"retryReasons":[],"startAt":1774850224205,"status":"passed","title":"only constrains x position"},{"ancestorTitles":["Constraints","boundedY"],"duration":0,"failing":false,"failureDetails":[],"failureMessages":[],"fullName":"Constraints boundedY has correct name","invocations":1,"location":null,"numPassingAsserts":1,"retryReasons":[],"startAt":1774850224206,"status":"passed","title":"has correct name"},{"ancestorTitles":["Constraints","boundedY"],"duration":0,"failing":false,"failureDetails":[],"failureMessages":[],"fullName":"Constraints boundedY only constrains y position","invocations":1,"location":null,"numPassingAsserts":2,"retryReasons":[],"startAt":1774850224206,"status":"passed","title":"only constrains y position"},{"ancestorTitles":["Constraints","aspectRatio factory"],"duration":0,"failing":false,"failureDetails":[],"failureMessages":[],"fullName":"Constraints aspectRatio factory creates constraint with correct name","invocations":1,"location":null,"numPassingAsserts":1,"retryReasons":[],"startAt":1774850224206,"status":"passed","title":"creates constraint with correct name"},{"ancestorTitles":["Constraints","aspectRatio factory"],"duration":0,"failing":false,"failureDetails":[],"failureMessages":[],"fullName":"Constraints aspectRatio factory maintains aspect ratio during resize (pixel-aware)","invocations":1,"location":null,"numPassingAsserts":2,"retryReasons":[],"startAt":1774850224206,"status":"passed","title":"maintains aspect ratio during resize (pixel-aware)"},{"ancestorTitles":["Constraints","aspectRatio factory"],"duration":1,"failing":false,"failureDetails":[],"failureMessages":[],"fullName":"Constraints aspectRatio factory creates square items with ratio of 1 (pixel-aware)","invocations":1,"location":null,"numPassingAsserts":2,"retryReasons":[],"startAt":1774850224206,"status":"passed","title":"creates square items with ratio of 1 (pixel-aware)"},{"ancestorTitles":["Constraints","aspectRatio factory"],"duration":0,"failing":false,"failureDetails":[],"failureMessages":[],"fullName":"Constraints aspectRatio factory ensures minimum height of 1","invocations":1,"location":null,"numPassingAsserts":1,"retryReasons":[],"startAt":1774850224207,"status":"passed","title":"ensures minimum height of 1"},{"ancestorTitles":["Constraints","aspectRatio factory"],"duration":0,"failing":false,"failureDetails":[],"failureMessages":[],"fullName":"Constraints aspectRatio factory does not have constrainPosition","invocations":1,"location":null,"numPassingAsserts":1,"retryReasons":[],"startAt":1774850224207,"status":"passed","title":"does not have constrainPosition"},{"ancestorTitles":["Constraints","snapToGrid factory"],"duration":0,"failing":false,"failureDetails":[],"failureMessages":[],"fullName":"Constraints snapToGrid factory creates constraint with correct name","invocations":1,"location":null,"numPassingAsserts":1,"retryReasons":[],"startAt":1774850224207,"status":"passed","title":"creates constraint with correct name"},{"ancestorTitles":["Constraints","snapToGrid factory"],"duration":0,"failing":false,"failureDetails":[],"failureMessages":[],"fullName":"Constraints snapToGrid factory creates constraint with different x/y steps","invocations":1,"location":null,"numPassingAsserts":1,"retryReasons":[],"startAt":1774850224207,"status":"passed","title":"creates constraint with different x/y steps"},{"ancestorTitles":["Constraints","snapToGrid factory"],"duration":0,"failing":false,"failureDetails":[],"failureMessages":[],"fullName":"Constraints snapToGrid factory snaps position to grid","invocations":1,"location":null,"numPassingAsserts":4,"retryReasons":[],"startAt":1774850224207,"status":"passed","title":"snaps position to grid"},{"ancestorTitles":["Constraints","snapToGrid factory"],"duration":21,"failing":false,"failureDetails":[],"failureMessages":[],"fullName":"Constraints snapToGrid factory snaps with different x/y steps","invocations":1,"location":null,"numPassingAsserts":2,"retryReasons":[],"startAt":1774850224207,"status":"passed","title":"snaps with different x/y steps"},{"ancestorTitles":["Constraints","snapToGrid factory"],"duration":0,"failing":false,"failureDetails":[],"failureMessages":[],"fullName":"Constraints snapToGrid factory does not have constrainSize","invocations":1,"location":null,"numPassingAsserts":1,"retryReasons":[],"startAt":1774850224228,"status":"passed","title":"does not have constrainSize"},{"ancestorTitles":["Constraints","snapToGrid factory"],"duration":28,"failing":false,"failureDetails":[],"failureMessages":[],"fullName":"Constraints snapToGrid factory throws on zero stepX","invocations":1,"location":null,"numPassingAsserts":1,"retryReasons":[],"startAt":1774850224228,"status":"passed","title":"throws on zero stepX"},{"ancestorTitles":["Constraints","snapToGrid factory"],"duration":0,"failing":false,"failureDetails":[],"failureMessages":[],"fullName":"Constraints snapToGrid factory throws on negative stepX","invocations":1,"location":null,"numPassingAsserts":1,"retryReasons":[],"startAt":1774850224256,"status":"passed","title":"throws on negative stepX"},{"ancestorTitles":["Constraints","snapToGrid factory"],"duration":0,"failing":false,"failureDetails":[],"failureMessages":[],"fullName":"Constraints snapToGrid factory throws on zero stepY","invocations":1,"location":null,"numPassingAsserts":1,"retryReasons":[],"startAt":1774850224257,"status":"passed","title":"throws on zero stepY"},{"ancestorTitles":["Constraints","snapToGrid factory"],"duration":0,"failing":false,"failureDetails":[],"failureMessages":[],"fullName":"Constraints snapToGrid factory throws on negative stepY","invocations":1,"location":null,"numPassingAsserts":1,"retryReasons":[],"startAt":1774850224257,"status":"passed","title":"throws on negative stepY"},{"ancestorTitles":["Constraints","minSize factory"],"duration":0,"failing":false,"failureDetails":[],"failureMessages":[],"fullName":"Constraints minSize factory creates constraint with correct name","invocations":1,"location":null,"numPassingAsserts":1,"retryReasons":[],"startAt":1774850224258,"status":"passed","title":"creates constraint with correct name"},{"ancestorTitles":["Constraints","minSize factory"],"duration":0,"failing":false,"failureDetails":[],"failureMessages":[],"fullName":"Constraints minSize factory enforces minimum size","invocations":1,"location":null,"numPassingAsserts":2,"retryReasons":[],"startAt":1774850224258,"status":"passed","title":"enforces minimum size"},{"ancestorTitles":["Constraints","minSize factory"],"duration":0,"failing":false,"failureDetails":[],"failureMessages":[],"fullName":"Constraints minSize factory allows sizes above minimum","invocations":1,"location":null,"numPassingAsserts":2,"retryReasons":[],"startAt":1774850224258,"status":"passed","title":"allows sizes above minimum"},{"ancestorTitles":["Constraints","maxSize factory"],"duration":1,"failing":false,"failureDetails":[],"failureMessages":[],"fullName":"Constraints maxSize factory creates constraint with correct name","invocations":1,"location":null,"numPassingAsserts":1,"retryReasons":[],"startAt":1774850224258,"status":"passed","title":"creates constraint with correct name"},{"ancestorTitles":["Constraints","maxSize factory"],"duration":0,"failing":false,"failureDetails":[],"failureMessages":[],"fullName":"Constraints maxSize factory enforces maximum size","invocations":1,"location":null,"numPassingAsserts":2,"retryReasons":[],"startAt":1774850224259,"status":"passed","title":"enforces maximum size"},{"ancestorTitles":["Constraints","maxSize factory"],"duration":0,"failing":false,"failureDetails":[],"failureMessages":[],"fullName":"Constraints maxSize factory allows sizes below maximum","invocations":1,"location":null,"numPassingAsserts":2,"retryReasons":[],"startAt":1774850224259,"status":"passed","title":"allows sizes below maximum"},{"ancestorTitles":["Constraints","defaultConstraints"],"duration":1,"failing":false,"failureDetails":[],"failureMessages":[],"fullName":"Constraints defaultConstraints includes gridBounds and minMaxSize","invocations":1,"location":null,"numPassingAsserts":2,"retryReasons":[],"startAt":1774850224259,"status":"passed","title":"includes gridBounds and minMaxSize"},{"ancestorTitles":["Constraints","defaultConstraints"],"duration":0,"failing":false,"failureDetails":[],"failureMessages":[],"fullName":"Constraints defaultConstraints has correct order (gridBounds first)","invocations":1,"location":null,"numPassingAsserts":2,"retryReasons":[],"startAt":1774850224260,"status":"passed","title":"has correct order (gridBounds first)"},{"ancestorTitles":["Constraints","applyPositionConstraints"],"duration":0,"failing":false,"failureDetails":[],"failureMessages":[],"fullName":"Constraints applyPositionConstraints applies constraints in order","invocations":1,"location":null,"numPassingAsserts":2,"retryReasons":[],"startAt":1774850224260,"status":"passed","title":"applies constraints in order"},{"ancestorTitles":["Constraints","applyPositionConstraints"],"duration":0,"failing":false,"failureDetails":[],"failureMessages":[],"fullName":"Constraints applyPositionConstraints chains multiple constraints","invocations":1,"location":null,"numPassingAsserts":2,"retryReasons":[],"startAt":1774850224260,"status":"passed","title":"chains multiple constraints"},{"ancestorTitles":["Constraints","applyPositionConstraints"],"duration":1,"failing":false,"failureDetails":[],"failureMessages":[],"fullName":"Constraints applyPositionConstraints applies per-item constraints after grid constraints","invocations":1,"location":null,"numPassingAsserts":2,"retryReasons":[],"startAt":1774850224260,"status":"passed","title":"applies per-item constraints after grid constraints"},{"ancestorTitles":["Constraints","applyPositionConstraints"],"duration":0,"failing":false,"failureDetails":[],"failureMessages":[],"fullName":"Constraints applyPositionConstraints handles empty constraints array","invocations":1,"location":null,"numPassingAsserts":2,"retryReasons":[],"startAt":1774850224261,"status":"passed","title":"handles empty constraints array"},{"ancestorTitles":["Constraints","applyPositionConstraints"],"duration":0,"failing":false,"failureDetails":[],"failureMessages":[],"fullName":"Constraints applyPositionConstraints skips constraints without constrainPosition","invocations":1,"location":null,"numPassingAsserts":2,"retryReasons":[],"startAt":1774850224261,"status":"passed","title":"skips constraints without constrainPosition"},{"ancestorTitles":["Constraints","applySizeConstraints"],"duration":0,"failing":false,"failureDetails":[],"failureMessages":[],"fullName":"Constraints applySizeConstraints applies constraints in order","invocations":1,"location":null,"numPassingAsserts":2,"retryReasons":[],"startAt":1774850224261,"status":"passed","title":"applies constraints in order"},{"ancestorTitles":["Constraints","applySizeConstraints"],"duration":0,"failing":false,"failureDetails":[],"failureMessages":[],"fullName":"Constraints applySizeConstraints chains grid bounds and min/max","invocations":1,"location":null,"numPassingAsserts":2,"retryReasons":[],"startAt":1774850224261,"status":"passed","title":"chains grid bounds and min/max"},{"ancestorTitles":["Constraints","applySizeConstraints"],"duration":0,"failing":false,"failureDetails":[],"failureMessages":[],"fullName":"Constraints applySizeConstraints applies per-item constraints after grid constraints","invocations":1,"location":null,"numPassingAsserts":2,"retryReasons":[],"startAt":1774850224261,"status":"passed","title":"applies per-item constraints after grid constraints"},{"ancestorTitles":["Constraints","applySizeConstraints"],"duration":0,"failing":false,"failureDetails":[],"failureMessages":[],"fullName":"Constraints applySizeConstraints handles empty constraints array","invocations":1,"location":null,"numPassingAsserts":2,"retryReasons":[],"startAt":1774850224261,"status":"passed","title":"handles empty constraints array"},{"ancestorTitles":["Constraints","applySizeConstraints"],"duration":1,"failing":false,"failureDetails":[],"failureMessages":[],"fullName":"Constraints applySizeConstraints skips constraints without constrainSize","invocations":1,"location":null,"numPassingAsserts":2,"retryReasons":[],"startAt":1774850224261,"status":"passed","title":"skips constraints without constrainSize"},{"ancestorTitles":["Constraints","applySizeConstraints"],"duration":0,"failing":false,"failureDetails":[],"failureMessages":[],"fullName":"Constraints applySizeConstraints passes resize handle to constraint","invocations":1,"location":null,"numPassingAsserts":1,"retryReasons":[],"startAt":1774850224262,"status":"passed","title":"passes resize handle to constraint"},{"ancestorTitles":["Constraints","LayoutConstraint interface compliance","gridBounds"],"duration":0,"failing":false,"failureDetails":[],"failureMessages":[],"fullName":"Constraints LayoutConstraint interface compliance gridBounds has a name property","invocations":1,"location":null,"numPassingAsserts":2,"retryReasons":[],"startAt":1774850224262,"status":"passed","title":"has a name property"},{"ancestorTitles":["Constraints","LayoutConstraint interface compliance","gridBounds"],"duration":0,"failing":false,"failureDetails":[],"failureMessages":[],"fullName":"Constraints LayoutConstraint interface compliance gridBounds has at least one constraint method","invocations":1,"location":null,"numPassingAsserts":1,"retryReasons":[],"startAt":1774850224262,"status":"passed","title":"has at least one constraint method"},{"ancestorTitles":["Constraints","LayoutConstraint interface compliance","minMaxSize"],"duration":0,"failing":false,"failureDetails":[],"failureMessages":[],"fullName":"Constraints LayoutConstraint interface compliance minMaxSize has a name property","invocations":1,"location":null,"numPassingAsserts":2,"retryReasons":[],"startAt":1774850224262,"status":"passed","title":"has a name property"},{"ancestorTitles":["Constraints","LayoutConstraint interface compliance","minMaxSize"],"duration":0,"failing":false,"failureDetails":[],"failureMessages":[],"fullName":"Constraints LayoutConstraint interface compliance minMaxSize has at least one constraint method","invocations":1,"location":null,"numPassingAsserts":1,"retryReasons":[],"startAt":1774850224262,"status":"passed","title":"has at least one constraint method"},{"ancestorTitles":["Constraints","LayoutConstraint interface compliance","containerBounds"],"duration":0,"failing":false,"failureDetails":[],"failureMessages":[],"fullName":"Constraints LayoutConstraint interface compliance containerBounds has a name property","invocations":1,"location":null,"numPassingAsserts":2,"retryReasons":[],"startAt":1774850224262,"status":"passed","title":"has a name property"},{"ancestorTitles":["Constraints","LayoutConstraint interface compliance","containerBounds"],"duration":0,"failing":false,"failureDetails":[],"failureMessages":[],"fullName":"Constraints LayoutConstraint interface compliance containerBounds has at least one constraint method","invocations":1,"location":null,"numPassingAsserts":1,"retryReasons":[],"startAt":1774850224262,"status":"passed","title":"has at least one constraint method"},{"ancestorTitles":["Constraints","LayoutConstraint interface compliance","boundedX"],"duration":0,"failing":false,"failureDetails":[],"failureMessages":[],"fullName":"Constraints LayoutConstraint interface compliance boundedX has a name property","invocations":1,"location":null,"numPassingAsserts":2,"retryReasons":[],"startAt":1774850224262,"status":"passed","title":"has a name property"},{"ancestorTitles":["Constraints","LayoutConstraint interface compliance","boundedX"],"duration":0,"failing":false,"failureDetails":[],"failureMessages":[],"fullName":"Constraints LayoutConstraint interface compliance boundedX has at least one constraint method","invocations":1,"location":null,"numPassingAsserts":1,"retryReasons":[],"startAt":1774850224262,"status":"passed","title":"has at least one constraint method"},{"ancestorTitles":["Constraints","LayoutConstraint interface compliance","boundedY"],"duration":1,"failing":false,"failureDetails":[],"failureMessages":[],"fullName":"Constraints LayoutConstraint interface compliance boundedY has a name property","invocations":1,"location":null,"numPassingAsserts":2,"retryReasons":[],"startAt":1774850224262,"status":"passed","title":"has a name property"},{"ancestorTitles":["Constraints","LayoutConstraint interface compliance","boundedY"],"duration":0,"failing":false,"failureDetails":[],"failureMessages":[],"fullName":"Constraints LayoutConstraint interface compliance boundedY has at least one constraint method","invocations":1,"location":null,"numPassingAsserts":1,"retryReasons":[],"startAt":1774850224263,"status":"passed","title":"has at least one constraint method"},{"ancestorTitles":["Constraints","LayoutConstraint interface compliance","aspectRatio(1)"],"duration":0,"failing":false,"failureDetails":[],"failureMessages":[],"fullName":"Constraints LayoutConstraint interface compliance aspectRatio(1) has a name property","invocations":1,"location":null,"numPassingAsserts":2,"retryReasons":[],"startAt":1774850224263,"status":"passed","title":"has a name property"},{"ancestorTitles":["Constraints","LayoutConstraint interface compliance","aspectRatio(1)"],"duration":0,"failing":false,"failureDetails":[],"failureMessages":[],"fullName":"Constraints LayoutConstraint interface compliance aspectRatio(1) has at least one constraint method","invocations":1,"location":null,"numPassingAsserts":1,"retryReasons":[],"startAt":1774850224263,"status":"passed","title":"has at least one constraint method"},{"ancestorTitles":["Constraints","LayoutConstraint interface compliance","snapToGrid(2, 2)"],"duration":0,"failing":false,"failureDetails":[],"failureMessages":[],"fullName":"Constraints LayoutConstraint interface compliance snapToGrid(2, 2) has a name property","invocations":1,"location":null,"numPassingAsserts":2,"retryReasons":[],"startAt":1774850224263,"status":"passed","title":"has a name property"},{"ancestorTitles":["Constraints","LayoutConstraint interface compliance","snapToGrid(2, 2)"],"duration":0,"failing":false,"failureDetails":[],"failureMessages":[],"fullName":"Constraints LayoutConstraint interface compliance snapToGrid(2, 2) has at least one constraint method","invocations":1,"location":null,"numPassingAsserts":1,"retryReasons":[],"startAt":1774850224263,"status":"passed","title":"has at least one constraint method"},{"ancestorTitles":["Constraints","LayoutConstraint interface compliance","minSize(1, 1)"],"duration":0,"failing":false,"failureDetails":[],"failureMessages":[],"fullName":"Constraints LayoutConstraint interface compliance minSize(1, 1) has a name property","invocations":1,"location":null,"numPassingAsserts":2,"retryReasons":[],"startAt":1774850224263,"status":"passed","title":"has a name property"},{"ancestorTitles":["Constraints","LayoutConstraint interface compliance","minSize(1, 1)"],"duration":0,"failing":false,"failureDetails":[],"failureMessages":[],"fullName":"Constraints LayoutConstraint interface compliance minSize(1, 1) has at least one constraint method","invocations":1,"location":null,"numPassingAsserts":1,"retryReasons":[],"startAt":1774850224263,"status":"passed","title":"has at least one constraint method"},{"ancestorTitles":["Constraints","LayoutConstraint interface compliance","maxSize(10, 10)"],"duration":0,"failing":false,"failureDetails":[],"failureMessages":[],"fullName":"Constraints LayoutConstraint interface compliance maxSize(10, 10) has a name property","invocations":1,"location":null,"numPassingAsserts":2,"retryReasons":[],"startAt":1774850224263,"status":"passed","title":"has a name property"},{"ancestorTitles":["Constraints","LayoutConstraint interface compliance","maxSize(10, 10)"],"duration":0,"failing":false,"failureDetails":[],"failureMessages":[],"fullName":"Constraints LayoutConstraint interface compliance maxSize(10, 10) has at least one constraint method","invocations":1,"location":null,"numPassingAsserts":1,"retryReasons":[],"startAt":1774850224263,"status":"passed","title":"has at least one constraint method"},{"ancestorTitles":["Constraints","Empty constraints behavior"],"duration":0,"failing":false,"failureDetails":[],"failureMessages":[],"fullName":"Constraints Empty constraints behavior allows sizes outside item.minW/maxW when constraints are empty","invocations":1,"location":null,"numPassingAsserts":2,"retryReasons":[],"startAt":1774850224263,"status":"passed","title":"allows sizes outside item.minW/maxW when constraints are empty"},{"ancestorTitles":["Constraints","Empty constraints behavior"],"duration":1,"failing":false,"failureDetails":[],"failureMessages":[],"fullName":"Constraints Empty constraints behavior allows positions outside grid bounds when constraints are empty","invocations":1,"location":null,"numPassingAsserts":2,"retryReasons":[],"startAt":1774850224263,"status":"passed","title":"allows positions outside grid bounds when constraints are empty"},{"ancestorTitles":["Constraints","Empty constraints behavior"],"duration":0,"failing":false,"failureDetails":[],"failureMessages":[],"fullName":"Constraints Empty constraints behavior allows negative positions when constraints are empty","invocations":1,"location":null,"numPassingAsserts":2,"retryReasons":[],"startAt":1774850224264,"status":"passed","title":"allows negative positions when constraints are empty"},{"ancestorTitles":["Constraints","boundedX allows free Y movement"],"duration":0,"failing":false,"failureDetails":[],"failureMessages":[],"fullName":"Constraints boundedX allows free Y movement does not constrain Y to maxRows","invocations":1,"location":null,"numPassingAsserts":2,"retryReasons":[],"startAt":1774850224264,"status":"passed","title":"does not constrain Y to maxRows"},{"ancestorTitles":["Constraints","boundedX allows free Y movement"],"duration":0,"failing":false,"failureDetails":[],"failureMessages":[],"fullName":"Constraints boundedX allows free Y movement allows negative Y positions","invocations":1,"location":null,"numPassingAsserts":2,"retryReasons":[],"startAt":1774850224264,"status":"passed","title":"allows negative Y positions"},{"ancestorTitles":["Constraints","boundedY allows free X movement"],"duration":0,"failing":false,"failureDetails":[],"failureMessages":[],"fullName":"Constraints boundedY allows free X movement does not constrain X to cols","invocations":1,"location":null,"numPassingAsserts":2,"retryReasons":[],"startAt":1774850224264,"status":"passed","title":"does not constrain X to cols"},{"ancestorTitles":["Constraints","boundedY allows free X movement"],"duration":0,"failing":false,"failureDetails":[],"failureMessages":[],"fullName":"Constraints boundedY allows free X movement allows negative X positions","invocations":1,"location":null,"numPassingAsserts":2,"retryReasons":[],"startAt":1774850224264,"status":"passed","title":"allows negative X positions"},{"ancestorTitles":["Constraints","Constraint composition"],"duration":1,"failing":false,"failureDetails":[],"failureMessages":[],"fullName":"Constraints Constraint composition gridBounds + minMaxSize together apply both limits","invocations":1,"location":null,"numPassingAsserts":1,"retryReasons":[],"startAt":1774850224264,"status":"passed","title":"gridBounds + minMaxSize together apply both limits"},{"ancestorTitles":["Constraints","Constraint composition"],"duration":0,"failing":false,"failureDetails":[],"failureMessages":[],"fullName":"Constraints Constraint composition without minMaxSize, item.maxW is not enforced","invocations":1,"location":null,"numPassingAsserts":1,"retryReasons":[],"startAt":1774850224265,"status":"passed","title":"without minMaxSize, item.maxW is not enforced"},{"ancestorTitles":["Constraints","Edge cases"],"duration":0,"failing":false,"failureDetails":[],"failureMessages":[],"fullName":"Constraints Edge cases handles item larger than grid","invocations":1,"location":null,"numPassingAsserts":2,"retryReasons":[],"startAt":1774850224265,"status":"passed","title":"handles item larger than grid"},{"ancestorTitles":["Constraints","Edge cases"],"duration":8,"failing":false,"failureDetails":[],"failureMessages":[],"fullName":"Constraints Edge cases handles zero cols gracefully","invocations":1,"location":null,"numPassingAsserts":1,"retryReasons":[],"startAt":1774850224265,"status":"passed","title":"handles zero cols gracefully"},{"ancestorTitles":["Constraints","Edge cases"],"duration":0,"failing":false,"failureDetails":[],"failureMessages":[],"fullName":"Constraints Edge cases handles Infinity maxRows","invocations":1,"location":null,"numPassingAsserts":1,"retryReasons":[],"startAt":1774850224273,"status":"passed","title":"handles Infinity maxRows"},{"ancestorTitles":["Constraints","Edge cases"],"duration":1,"failing":false,"failureDetails":[],"failureMessages":[],"fullName":"Constraints Edge cases handles negative proposed values","invocations":1,"location":null,"numPassingAsserts":4,"retryReasons":[],"startAt":1774850224273,"status":"passed","title":"handles negative proposed values"}],"endTime":1774850224275,"message":"","name":"/Users/mac-SGUISS21/90-temp/react-grid-layout/test/spec/constraints-test.ts","startTime":1774850223123,"status":"passed","summary":""},{"assertionResults":[{"ancestorTitles":["Core Functions","cloneLayout"],"duration":3,"failing":false,"failureDetails":[],"failureMessages":[],"fullName":"Core Functions cloneLayout creates a deep copy of layout","invocations":1,"location":null,"numPassingAsserts":2,"retryReasons":[],"startAt":1774850224237,"status":"passed","title":"creates a deep copy of layout"},{"ancestorTitles":["Core Functions","cloneLayout"],"duration":1,"failing":false,"failureDetails":[],"failureMessages":[],"fullName":"Core Functions cloneLayout preserves all properties","invocations":1,"location":null,"numPassingAsserts":13,"retryReasons":[],"startAt":1774850224240,"status":"passed","title":"preserves all properties"},{"ancestorTitles":["Core Functions","cloneLayout"],"duration":0,"failing":false,"failureDetails":[],"failureMessages":[],"fullName":"Core Functions cloneLayout handles empty layout","invocations":1,"location":null,"numPassingAsserts":1,"retryReasons":[],"startAt":1774850224241,"status":"passed","title":"handles empty layout"},{"ancestorTitles":["Core Functions","cloneLayoutItem"],"duration":0,"failing":false,"failureDetails":[],"failureMessages":[],"fullName":"Core Functions cloneLayoutItem creates a copy of layout item","invocations":1,"location":null,"numPassingAsserts":6,"retryReasons":[],"startAt":1774850224241,"status":"passed","title":"creates a copy of layout item"},{"ancestorTitles":["Core Functions","getLayoutItem"],"duration":0,"failing":false,"failureDetails":[],"failureMessages":[],"fullName":"Core Functions getLayoutItem finds item by id","invocations":1,"location":null,"numPassingAsserts":2,"retryReasons":[],"startAt":1774850224242,"status":"passed","title":"finds item by id"},{"ancestorTitles":["Core Functions","getLayoutItem"],"duration":0,"failing":false,"failureDetails":[],"failureMessages":[],"fullName":"Core Functions getLayoutItem returns undefined for non-existent id","invocations":1,"location":null,"numPassingAsserts":1,"retryReasons":[],"startAt":1774850224242,"status":"passed","title":"returns undefined for non-existent id"},{"ancestorTitles":["Core Functions","getLayoutItem"],"duration":0,"failing":false,"failureDetails":[],"failureMessages":[],"fullName":"Core Functions getLayoutItem handles empty layout","invocations":1,"location":null,"numPassingAsserts":1,"retryReasons":[],"startAt":1774850224242,"status":"passed","title":"handles empty layout"},{"ancestorTitles":["Core Functions","bottom"],"duration":0,"failing":false,"failureDetails":[],"failureMessages":[],"fullName":"Core Functions bottom calculates bottom-most point","invocations":1,"location":null,"numPassingAsserts":1,"retryReasons":[],"startAt":1774850224242,"status":"passed","title":"calculates bottom-most point"},{"ancestorTitles":["Core Functions","bottom"],"duration":0,"failing":false,"failureDetails":[],"failureMessages":[],"fullName":"Core Functions bottom returns 0 for empty layout","invocations":1,"location":null,"numPassingAsserts":1,"retryReasons":[],"startAt":1774850224243,"status":"passed","title":"returns 0 for empty layout"},{"ancestorTitles":["Core Functions","bottom"],"duration":0,"failing":false,"failureDetails":[],"failureMessages":[],"fullName":"Core Functions bottom handles single item","invocations":1,"location":null,"numPassingAsserts":1,"retryReasons":[],"startAt":1774850224243,"status":"passed","title":"handles single item"},{"ancestorTitles":["Core Functions","correctBounds"],"duration":0,"failing":false,"failureDetails":[],"failureMessages":[],"fullName":"Core Functions correctBounds moves items within column bounds","invocations":1,"location":null,"numPassingAsserts":1,"retryReasons":[],"startAt":1774850224243,"status":"passed","title":"moves items within column bounds"},{"ancestorTitles":["Core Functions","correctBounds"],"duration":1,"failing":false,"failureDetails":[],"failureMessages":[],"fullName":"Core Functions correctBounds clamps item width to cols","invocations":1,"location":null,"numPassingAsserts":1,"retryReasons":[],"startAt":1774850224243,"status":"passed","title":"clamps item width to cols"},{"ancestorTitles":["Core Functions","correctBounds"],"duration":0,"failing":false,"failureDetails":[],"failureMessages":[],"fullName":"Core Functions correctBounds handles items already within bounds","invocations":1,"location":null,"numPassingAsserts":2,"retryReasons":[],"startAt":1774850224244,"status":"passed","title":"handles items already within bounds"},{"ancestorTitles":["Core Functions","validateLayout"],"duration":0,"failing":false,"failureDetails":[],"failureMessages":[],"fullName":"Core Functions validateLayout does not throw for valid layout","invocations":1,"location":null,"numPassingAsserts":1,"retryReasons":[],"startAt":1774850224244,"status":"passed","title":"does not throw for valid layout"},{"ancestorTitles":["Core Functions","validateLayout"],"duration":20,"failing":false,"failureDetails":[],"failureMessages":[],"fullName":"Core Functions validateLayout throws for missing required properties","invocations":1,"location":null,"numPassingAsserts":1,"retryReasons":[],"startAt":1774850224244,"status":"passed","title":"throws for missing required properties"},{"ancestorTitles":["Core Functions","validateLayout"],"duration":1,"failing":false,"failureDetails":[],"failureMessages":[],"fullName":"Core Functions validateLayout throws for non-numeric values","invocations":1,"location":null,"numPassingAsserts":1,"retryReasons":[],"startAt":1774850224264,"status":"passed","title":"throws for non-numeric values"},{"ancestorTitles":["Core Functions","collides"],"duration":0,"failing":false,"failureDetails":[],"failureMessages":[],"fullName":"Core Functions collides detects overlapping items","invocations":1,"location":null,"numPassingAsserts":1,"retryReasons":[],"startAt":1774850224265,"status":"passed","title":"detects overlapping items"},{"ancestorTitles":["Core Functions","collides"],"duration":0,"failing":false,"failureDetails":[],"failureMessages":[],"fullName":"Core Functions collides detects non-overlapping items","invocations":1,"location":null,"numPassingAsserts":1,"retryReasons":[],"startAt":1774850224265,"status":"passed","title":"detects non-overlapping items"},{"ancestorTitles":["Core Functions","collides"],"duration":0,"failing":false,"failureDetails":[],"failureMessages":[],"fullName":"Core Functions collides detects adjacent items as non-colliding","invocations":1,"location":null,"numPassingAsserts":1,"retryReasons":[],"startAt":1774850224265,"status":"passed","title":"detects adjacent items as non-colliding"},{"ancestorTitles":["Core Functions","collides"],"duration":0,"failing":false,"failureDetails":[],"failureMessages":[],"fullName":"Core Functions collides returns false for same item","invocations":1,"location":null,"numPassingAsserts":1,"retryReasons":[],"startAt":1774850224265,"status":"passed","title":"returns false for same item"},{"ancestorTitles":["Core Functions","getFirstCollision"],"duration":1,"failing":false,"failureDetails":[],"failureMessages":[],"fullName":"Core Functions getFirstCollision finds first collision","invocations":1,"location":null,"numPassingAsserts":1,"retryReasons":[],"startAt":1774850224265,"status":"passed","title":"finds first collision"},{"ancestorTitles":["Core Functions","getFirstCollision"],"duration":0,"failing":false,"failureDetails":[],"failureMessages":[],"fullName":"Core Functions getFirstCollision returns undefined when no collision","invocations":1,"location":null,"numPassingAsserts":1,"retryReasons":[],"startAt":1774850224266,"status":"passed","title":"returns undefined when no collision"},{"ancestorTitles":["Core Functions","getAllCollisions"],"duration":0,"failing":false,"failureDetails":[],"failureMessages":[],"fullName":"Core Functions getAllCollisions finds all collisions","invocations":1,"location":null,"numPassingAsserts":3,"retryReasons":[],"startAt":1774850224266,"status":"passed","title":"finds all collisions"},{"ancestorTitles":["Core Functions","getAllCollisions"],"duration":0,"failing":false,"failureDetails":[],"failureMessages":[],"fullName":"Core Functions getAllCollisions returns empty array when no collisions","invocations":1,"location":null,"numPassingAsserts":1,"retryReasons":[],"startAt":1774850224266,"status":"passed","title":"returns empty array when no collisions"},{"ancestorTitles":["Core Functions","calcGridColWidth"],"duration":0,"failing":false,"failureDetails":[],"failureMessages":[],"fullName":"Core Functions calcGridColWidth calculates column width correctly","invocations":1,"location":null,"numPassingAsserts":1,"retryReasons":[],"startAt":1774850224266,"status":"passed","title":"calculates column width correctly"},{"ancestorTitles":["Core Functions","calcGridItemWHPx"],"duration":1,"failing":false,"failureDetails":[],"failureMessages":[],"fullName":"Core Functions calcGridItemWHPx calculates width in pixels","invocations":1,"location":null,"numPassingAsserts":1,"retryReasons":[],"startAt":1774850224266,"status":"passed","title":"calculates width in pixels"},{"ancestorTitles":["Core Functions","calcGridItemWHPx"],"duration":0,"failing":false,"failureDetails":[],"failureMessages":[],"fullName":"Core Functions calcGridItemWHPx handles single unit","invocations":1,"location":null,"numPassingAsserts":1,"retryReasons":[],"startAt":1774850224267,"status":"passed","title":"handles single unit"},{"ancestorTitles":["Core Functions","calcGridItemWHPx"],"duration":0,"failing":false,"failureDetails":[],"failureMessages":[],"fullName":"Core Functions calcGridItemWHPx returns Infinity for non-finite gridUnits","invocations":1,"location":null,"numPassingAsserts":1,"retryReasons":[],"startAt":1774850224267,"status":"passed","title":"returns Infinity for non-finite gridUnits"},{"ancestorTitles":["Core Functions","calcGridItemPosition"],"duration":0,"failing":false,"failureDetails":[],"failureMessages":[],"fullName":"Core Functions calcGridItemPosition calculates position correctly","invocations":1,"location":null,"numPassingAsserts":8,"retryReasons":[],"startAt":1774850224267,"status":"passed","title":"calculates position correctly"},{"ancestorTitles":["Core Functions","calcGridItemPosition"],"duration":0,"failing":false,"failureDetails":[],"failureMessages":[],"fullName":"Core Functions calcGridItemPosition position increases with x","invocations":1,"location":null,"numPassingAsserts":1,"retryReasons":[],"startAt":1774850224267,"status":"passed","title":"position increases with x"},{"ancestorTitles":["Core Functions","calcGridItemPosition"],"duration":1,"failing":false,"failureDetails":[],"failureMessages":[],"fullName":"Core Functions calcGridItemPosition position increases with y","invocations":1,"location":null,"numPassingAsserts":1,"retryReasons":[],"startAt":1774850224267,"status":"passed","title":"position increases with y"},{"ancestorTitles":["Core Functions","calcXY"],"duration":0,"failing":false,"failureDetails":[],"failureMessages":[],"fullName":"Core Functions calcXY converts pixel position to grid units","invocations":1,"location":null,"numPassingAsserts":4,"retryReasons":[],"startAt":1774850224268,"status":"passed","title":"converts pixel position to grid units"},{"ancestorTitles":["Core Functions","calcXY"],"duration":2,"failing":false,"failureDetails":[],"failureMessages":[],"fullName":"Core Functions calcXY clamps x to valid range","invocations":1,"location":null,"numPassingAsserts":1,"retryReasons":[],"startAt":1774850224268,"status":"passed","title":"clamps x to valid range"},{"ancestorTitles":["Core Functions","calcXY"],"duration":0,"failing":false,"failureDetails":[],"failureMessages":[],"fullName":"Core Functions calcXY clamps y to non-negative","invocations":1,"location":null,"numPassingAsserts":1,"retryReasons":[],"startAt":1774850224270,"status":"passed","title":"clamps y to non-negative"},{"ancestorTitles":["Core Functions","calcXY"],"duration":1,"failing":false,"failureDetails":[],"failureMessages":[],"fullName":"Core Functions calcXY clamps y to respect maxRows constraint","invocations":1,"location":null,"numPassingAsserts":2,"retryReasons":[],"startAt":1774850224270,"status":"passed","title":"clamps y to respect maxRows constraint"},{"ancestorTitles":["Core Functions","calcXY"],"duration":0,"failing":false,"failureDetails":[],"failureMessages":[],"fullName":"Core Functions calcXY enforces maxRows with different item heights","invocations":1,"location":null,"numPassingAsserts":1,"retryReasons":[],"startAt":1774850224271,"status":"passed","title":"enforces maxRows with different item heights"},{"ancestorTitles":["Core Functions","calcWH"],"duration":0,"failing":false,"failureDetails":[],"failureMessages":[],"fullName":"Core Functions calcWH converts pixel dimensions to grid units","invocations":1,"location":null,"numPassingAsserts":4,"retryReasons":[],"startAt":1774850224271,"status":"passed","title":"converts pixel dimensions to grid units"},{"ancestorTitles":["Core Functions","calcWH"],"duration":0,"failing":false,"failureDetails":[],"failureMessages":[],"fullName":"Core Functions calcWH returns 0 for very small widths (caller handles min)","invocations":1,"location":null,"numPassingAsserts":1,"retryReasons":[],"startAt":1774850224271,"status":"passed","title":"returns 0 for very small widths (caller handles min)"},{"ancestorTitles":["Core Functions","calcWH"],"duration":0,"failing":false,"failureDetails":[],"failureMessages":[],"fullName":"Core Functions calcWH returns 0 for very small heights (caller handles min)","invocations":1,"location":null,"numPassingAsserts":1,"retryReasons":[],"startAt":1774850224271,"status":"passed","title":"returns 0 for very small heights (caller handles min)"},{"ancestorTitles":["Core Functions","calcWH"],"duration":0,"failing":false,"failureDetails":[],"failureMessages":[],"fullName":"Core Functions calcWH clamps height to respect maxRows constraint during resize","invocations":1,"location":null,"numPassingAsserts":2,"retryReasons":[],"startAt":1774850224271,"status":"passed","title":"clamps height to respect maxRows constraint during resize"},{"ancestorTitles":["Core Functions","calcWH"],"duration":0,"failing":false,"failureDetails":[],"failureMessages":[],"fullName":"Core Functions calcWH enforces maxRows at different y positions","invocations":1,"location":null,"numPassingAsserts":1,"retryReasons":[],"startAt":1774850224271,"status":"passed","title":"enforces maxRows at different y positions"},{"ancestorTitles":["Core Functions","calcWH"],"duration":0,"failing":false,"failureDetails":[],"failureMessages":[],"fullName":"Core Functions calcWH allows full height resize with north handles","invocations":1,"location":null,"numPassingAsserts":1,"retryReasons":[],"startAt":1774850224271,"status":"passed","title":"allows full height resize with north handles"},{"ancestorTitles":["Core Functions","clamp"],"duration":1,"failing":false,"failureDetails":[],"failureMessages":[],"fullName":"Core Functions clamp returns value when within range","invocations":1,"location":null,"numPassingAsserts":1,"retryReasons":[],"startAt":1774850224271,"status":"passed","title":"returns value when within range"},{"ancestorTitles":["Core Functions","clamp"],"duration":0,"failing":false,"failureDetails":[],"failureMessages":[],"fullName":"Core Functions clamp returns min when value is below","invocations":1,"location":null,"numPassingAsserts":1,"retryReasons":[],"startAt":1774850224272,"status":"passed","title":"returns min when value is below"},{"ancestorTitles":["Core Functions","clamp"],"duration":0,"failing":false,"failureDetails":[],"failureMessages":[],"fullName":"Core Functions clamp returns max when value is above","invocations":1,"location":null,"numPassingAsserts":1,"retryReasons":[],"startAt":1774850224272,"status":"passed","title":"returns max when value is above"},{"ancestorTitles":["Core Functions","clamp"],"duration":0,"failing":false,"failureDetails":[],"failureMessages":[],"fullName":"Core Functions clamp handles equal min and max","invocations":1,"location":null,"numPassingAsserts":1,"retryReasons":[],"startAt":1774850224272,"sta
[...]
ge after drag completes"},{"ancestorTitles":["Lifecycle tests","<ReactGridLayout>","Resizing"],"duration":13,"failing":false,"failureDetails":[],"failureMessages":[],"fullName":"Lifecycle tests <ReactGridLayout> Resizing sets up resizable handles","invocations":1,"location":null,"numPassingAsserts":8,"retryReasons":[],"startAt":1774850225248,"status":"passed","title":"sets up resizable handles"},{"ancestorTitles":["Lifecycle tests","<ReactGridLayout>","Resizing"],"duration":2,"failing":false,"failureDetails":[],"failureMessages":[],"fullName":"Lifecycle tests <ReactGridLayout> Resizing calls onResizeStart when resize begins","invocations":1,"location":null,"numPassingAsserts":1,"retryReasons":[],"startAt":1774850225261,"status":"passed","title":"calls onResizeStart when resize begins"},{"ancestorTitles":["Lifecycle tests","<ReactGridLayout>","Resizing"],"duration":1,"failing":false,"failureDetails":[],"failureMessages":[],"fullName":"Lifecycle tests <ReactGridLayout> Resizing calls onResize during resize","invocations":1,"location":null,"numPassingAsserts":1,"retryReasons":[],"startAt":1774850225263,"status":"passed","title":"calls onResize during resize"},{"ancestorTitles":["Lifecycle tests","<ReactGridLayout>","Resizing"],"duration":2,"failing":false,"failureDetails":[],"failureMessages":[],"fullName":"Lifecycle tests <ReactGridLayout> Resizing calls onResizeStop when resize ends","invocations":1,"location":null,"numPassingAsserts":1,"retryReasons":[],"startAt":1774850225264,"status":"passed","title":"calls onResizeStop when resize ends"},{"ancestorTitles":["Lifecycle tests","<ReactGridLayout>","Resizing"],"duration":1,"failing":false,"failureDetails":[],"failureMessages":[],"fullName":"Lifecycle tests <ReactGridLayout> Resizing resizes from n handle","invocations":1,"location":null,"numPassingAsserts":1,"retryReasons":[],"startAt":1774850225266,"status":"passed","title":"resizes from n handle"},{"ancestorTitles":["Lifecycle tests","<ReactGridLayout>","Resizing"],"duration":1,"failing":false,"failureDetails":[],"failureMessages":[],"fullName":"Lifecycle tests <ReactGridLayout> Resizing resizes from e handle","invocations":1,"location":null,"numPassingAsserts":1,"retryReasons":[],"startAt":1774850225267,"status":"passed","title":"resizes from e handle"},{"ancestorTitles":["Lifecycle tests","<ReactGridLayout>","Resizing"],"duration":3,"failing":false,"failureDetails":[],"failureMessages":[],"fullName":"Lifecycle tests <ReactGridLayout> Resizing resizes from s handle","invocations":1,"location":null,"numPassingAsserts":1,"retryReasons":[],"startAt":1774850225268,"status":"passed","title":"resizes from s handle"},{"ancestorTitles":["Lifecycle tests","<ReactGridLayout>","Resizing"],"duration":1,"failing":false,"failureDetails":[],"failureMessages":[],"fullName":"Lifecycle tests <ReactGridLayout> Resizing resizes from w handle","invocations":1,"location":null,"numPassingAsserts":1,"retryReasons":[],"startAt":1774850225271,"status":"passed","title":"resizes from w handle"},{"ancestorTitles":["Lifecycle tests","<ReactGridLayout>","Resizing"],"duration":2,"failing":false,"failureDetails":[],"failureMessages":[],"fullName":"Lifecycle tests <ReactGridLayout> Resizing resizes from se handle","invocations":1,"location":null,"numPassingAsserts":1,"retryReasons":[],"startAt":1774850225272,"status":"passed","title":"resizes from se handle"},{"ancestorTitles":["Lifecycle tests","<ReactGridLayout>","Resizing"],"duration":1,"failing":false,"failureDetails":[],"failureMessages":[],"fullName":"Lifecycle tests <ReactGridLayout> Resizing resizes from sw handle","invocations":1,"location":null,"numPassingAsserts":1,"retryReasons":[],"startAt":1774850225274,"status":"passed","title":"resizes from sw handle"},{"ancestorTitles":["Lifecycle tests","<ReactGridLayout>","Resizing"],"duration":1,"failing":false,"failureDetails":[],"failureMessages":[],"fullName":"Lifecycle tests <ReactGridLayout> Resizing resizes from ne handle","invocations":1,"location":null,"numPassingAsserts":1,"retryReasons":[],"startAt":1774850225275,"status":"passed","title":"resizes from ne handle"},{"ancestorTitles":["Lifecycle tests","<ReactGridLayout>","Resizing"],"duration":1,"failing":false,"failureDetails":[],"failureMessages":[],"fullName":"Lifecycle tests <ReactGridLayout> Resizing resizes from nw handle","invocations":1,"location":null,"numPassingAsserts":1,"retryReasons":[],"startAt":1774850225276,"status":"passed","title":"resizes from nw handle"},{"ancestorTitles":["Lifecycle tests","<ReactGridLayout>","Resizing"],"duration":2,"failing":false,"failureDetails":[],"failureMessages":[],"fullName":"Lifecycle tests <ReactGridLayout> Resizing does not produce NaN values in position during resize","invocations":1,"location":null,"numPassingAsserts":3,"retryReasons":[],"startAt":1774850225277,"status":"passed","title":"does not produce NaN values in position during resize"},{"ancestorTitles":["Lifecycle tests","<ReactGridLayout>","Resizing","preventCollision=true and no compaction"],"duration":2,"failing":false,"failureDetails":[],"failureMessages":[],"fullName":"Lifecycle tests <ReactGridLayout> Resizing preventCollision=true and no compaction Does not allow elements to move when resizing with no free space","invocations":1,"location":null,"numPassingAsserts":0,"retryReasons":[],"startAt":1774850225279,"status":"passed","title":"Does not allow elements to move when resizing with no free space"},{"ancestorTitles":["Lifecycle tests","<ReactGridLayout>","Resizing","preventCollision=true and no compaction"],"duration":3,"failing":false,"failureDetails":[],"failureMessages":[],"fullName":"Lifecycle tests <ReactGridLayout> Resizing preventCollision=true and no compaction Allows elements to resize within free space","invocations":1,"location":null,"numPassingAsserts":1,"retryReasons":[],"startAt":1774850225281,"status":"passed","title":"Allows elements to resize within free space"},{"ancestorTitles":["Lifecycle tests","<ReactGridLayout>","Bounded Drag"],"duration":0,"failing":false,"failureDetails":[],"failureMessages":[],"fullName":"Lifecycle tests <ReactGridLayout> Bounded Drag applies bounded class when isBounded is true","invocations":1,"location":null,"numPassingAsserts":1,"retryReasons":[],"startAt":1774850225284,"status":"passed","title":"applies bounded class when isBounded is true"},{"ancestorTitles":["Lifecycle tests","<ReactGridLayout>","Bounded Drag"],"duration":2,"failing":false,"failureDetails":[],"failureMessages":[],"fullName":"Lifecycle tests <ReactGridLayout> Bounded Drag constrains movement when isBounded is true","invocations":1,"location":null,"numPassingAsserts":5,"retryReasons":[],"startAt":1774850225284,"status":"passed","title":"constrains movement when isBounded is true"},{"ancestorTitles":["Lifecycle tests","<ResponsiveReactGridLayout>"],"duration":18,"failing":false,"failureDetails":[],"failureMessages":[],"fullName":"Lifecycle tests <ResponsiveReactGridLayout> Basic Render","invocations":1,"location":null,"numPassingAsserts":1,"retryReasons":[],"startAt":1774850225286,"status":"passed","title":"Basic Render"},{"ancestorTitles":["Lifecycle tests","<ResponsiveReactGridLayout>"],"duration":2,"failing":false,"failureDetails":[],"failureMessages":[],"fullName":"Lifecycle tests <ResponsiveReactGridLayout> Does not modify layout on movement","invocations":1,"location":null,"numPassingAsserts":1,"retryReasons":[],"startAt":1774850225304,"status":"passed","title":"Does not modify layout on movement"},{"ancestorTitles":["Lifecycle tests","React 18 Compatibility"],"duration":1,"failing":false,"failureDetails":[],"failureMessages":[],"fullName":"Lifecycle tests React 18 Compatibility renders without errors in StrictMode","invocations":1,"location":null,"numPassingAsserts":2,"retryReasons":[],"startAt":1774850225307,"status":"passed","title":"renders without errors in StrictMode"},{"ancestorTitles":["Lifecycle tests","React 18 Compatibility"],"duration":1,"failing":false,"failureDetails":[],"failureMessages":[],"fullName":"Lifecycle tests React 18 Compatibility handles concurrent updates without warnings","invocations":1,"location":null,"numPassingAsserts":1,"retryReasons":[],"startAt":1774850225308,"status":"passed","title":"handles concurrent updates without warnings"},{"ancestorTitles":["Lifecycle tests","React 18 Compatibility"],"duration":2,"failing":false,"failureDetails":[],"failureMessages":[],"fullName":"Lifecycle tests React 18 Compatibility works with multiple grid items in StrictMode","invocations":1,"location":null,"numPassingAsserts":1,"retryReasons":[],"startAt":1774850225309,"status":"passed","title":"works with multiple grid items in StrictMode"},{"ancestorTitles":["Lifecycle tests","Layout Position Verification"],"duration":1,"failing":false,"failureDetails":[],"failureMessages":[],"fullName":"Lifecycle tests Layout Position Verification positions items correctly based on data-grid","invocations":1,"location":null,"numPassingAsserts":3,"retryReasons":[],"startAt":1774850225311,"status":"passed","title":"positions items correctly based on data-grid"},{"ancestorTitles":["Lifecycle tests","Layout Position Verification"],"duration":1,"failing":false,"failureDetails":[],"failureMessages":[],"fullName":"Lifecycle tests Layout Position Verification updates positions when layout prop changes","invocations":1,"location":null,"numPassingAsserts":1,"retryReasons":[],"startAt":1774850225312,"status":"passed","title":"updates positions when layout prop changes"},{"ancestorTitles":["Lifecycle tests","Custom Compactors"],"duration":1,"failing":false,"failureDetails":[],"failureMessages":[],"fullName":"Lifecycle tests Custom Compactors calls custom compactor.compact() when layout changes (v2 API) (#2213)","invocations":1,"location":null,"numPassingAsserts":1,"retryReasons":[],"startAt":1774850225313,"status":"passed","title":"calls custom compactor.compact() when layout changes (v2 API) (#2213)"},{"ancestorTitles":["Lifecycle tests","Custom PositionStrategy"],"duration":1,"failing":false,"failureDetails":[],"failureMessages":[],"fullName":"Lifecycle tests Custom PositionStrategy calls custom positionStrategy.calcStyle() for item positioning (v2 API)","invocations":1,"location":null,"numPassingAsserts":1,"retryReasons":[],"startAt":1774850225314,"status":"passed","title":"calls custom positionStrategy.calcStyle() for item positioning (v2 API)"},{"ancestorTitles":["Lifecycle tests","Custom PositionStrategy"],"duration":2,"failing":false,"failureDetails":[],"failureMessages":[],"fullName":"Lifecycle tests Custom PositionStrategy calls custom positionStrategy.calcDragPosition() during drag (v2 API)","invocations":1,"location":null,"numPassingAsserts":1,"retryReasons":[],"startAt":1774850225315,"status":"passed","title":"calls custom positionStrategy.calcDragPosition() during drag (v2 API)"},{"ancestorTitles":["Lifecycle tests","DragConfig.threshold"],"duration":2,"failing":false,"failureDetails":[],"failureMessages":[],"fullName":"Lifecycle tests DragConfig.threshold does not start drag until mouse moves threshold pixels (v2 API)","invocations":1,"location":null,"numPassingAsserts":2,"retryReasons":[],"startAt":1774850225317,"status":"passed","title":"does not start drag until mouse moves threshold pixels (v2 API)"},{"ancestorTitles":["Lifecycle tests","DragConfig.threshold"],"duration":2,"failing":false,"failureDetails":[],"failureMessages":[],"fullName":"Lifecycle tests DragConfig.threshold uses default threshold of 3px when not specified (v2 API)","invocations":1,"location":null,"numPassingAsserts":2,"retryReasons":[],"startAt":1774850225319,"status":"passed","title":"uses default threshold of 3px when not specified (v2 API)"},{"ancestorTitles":["Lifecycle tests","Drag position bug regression"],"duration":2,"failing":false,"failureDetails":[],"failureMessages":[],"fullName":"Lifecycle tests Drag position bug regression does not cause item to jump on drag start with default positionStrategy","invocations":1,"location":null,"numPassingAsserts":3,"retryReasons":[],"startAt":1774850225321,"status":"passed","title":"does not cause item to jump on drag start with default positionStrategy"}],"endTime":1774850225325,"message":"","name":"/Users/mac-SGUISS21/90-temp/react-grid-layout/test/spec/lifecycle-test.js","startTime":1774850223121,"status":"focused","summary":""},{"assertionResults":[{"ancestorTitles":["Performance Benchmarks","Compaction Algorithm"],"duration":9,"failing":false,"failureDetails":[],"failureMessages":[],"fullName":"Performance Benchmarks Compaction Algorithm compacts 100 items (vertical)","invocations":1,"location":null,"numPassingAsserts":1,"retryReasons":[],"startAt":1774850224653,"status":"passed","title":"compacts 100 items (vertical)"},{"ancestorTitles":["Performance Benchmarks","Compaction Algorithm"],"duration":7,"failing":false,"failureDetails":[],"failureMessages":[],"fullName":"Performance Benchmarks Compaction Algorithm compacts 100 items (horizontal)","invocations":1,"location":null,"numPassingAsserts":1,"retryReasons":[],"startAt":1774850224663,"status":"passed","title":"compacts 100 items (horizontal)"},{"ancestorTitles":["Performance Benchmarks","Compaction Algorithm"],"duration":122,"failing":false,"failureDetails":[],"failureMessages":[],"fullName":"Performance Benchmarks Compaction Algorithm compacts 500 items (vertical)","invocations":1,"location":null,"numPassingAsserts":1,"retryReasons":[],"startAt":1774850224670,"status":"passed","title":"compacts 500 items (vertical)"},{"ancestorTitles":["Performance Benchmarks","Compaction Algorithm"],"duration":284,"failing":false,"failureDetails":[],"failureMessages":[],"fullName":"Performance Benchmarks Compaction Algorithm compacts 500 items (horizontal)","invocations":1,"location":null,"numPassingAsserts":1,"retryReasons":[],"startAt":1774850224793,"status":"passed","title":"compacts 500 items (horizontal)"},{"ancestorTitles":["Performance Benchmarks","Compaction Algorithm"],"duration":507,"failing":false,"failureDetails":[],"failureMessages":[],"fullName":"Performance Benchmarks Compaction Algorithm compacts 1000 items (vertical)","invocations":1,"location":null,"numPassingAsserts":1,"retryReasons":[],"startAt":1774850225077,"status":"passed","title":"compacts 1000 items (vertical)"},{"ancestorTitles":["Performance Benchmarks","Compaction Algorithm"],"duration":777,"failing":false,"failureDetails":[],"failureMessages":[],"fullName":"Performance Benchmarks Compaction Algorithm compacts 1000 items (horizontal)","invocations":1,"location":null,"numPassingAsserts":1,"retryReasons":[],"startAt":1774850225584,"status":"passed","title":"compacts 1000 items (horizontal)"},{"ancestorTitles":["Performance Benchmarks","Move Element"],"duration":1,"failing":false,"failureDetails":[],"failureMessages":[],"fullName":"Performance Benchmarks Move Element moves element in 100 item layout","invocations":1,"location":null,"numPassingAsserts":1,"retryReasons":[],"startAt":1774850226361,"status":"passed","title":"moves element in 100 item layout"},{"ancestorTitles":["Performance Benchmarks","Move Element"],"duration":5,"failing":false,"failureDetails":[],"failureMessages":[],"fullName":"Performance Benchmarks Move Element moves element in 500 item layout","invocations":1,"location":null,"numPassingAsserts":1,"retryReasons":[],"startAt":1774850226362,"status":"passed","title":"moves element in 500 item layout"},{"ancestorTitles":["Performance Benchmarks","Sort Layout"],"duration":0,"failing":false,"failureDetails":[],"failureMessages":[],"fullName":"Performance Benchmarks Sort Layout sorts 100 items by row/col","invocations":1,"location":null,"numPassingAsserts":1,"retryReasons":[],"startAt":1774850226367,"status":"passed","title":"sorts 100 items by row/col"},{"ancestorTitles":["Performance Benchmarks","Sort Layout"],"duration":2,"failing":false,"failureDetails":[],"failureMessages":[],"fullName":"Performance Benchmarks Sort Layout sorts 500 items by row/col","invocations":1,"location":null,"numPassingAsserts":1,"retryReasons":[],"startAt":1774850226367,"status":"passed","title":"sorts 500 items by row/col"},{"ancestorTitles":["Performance Benchmarks","Sort Layout"],"duration":3,"failing":false,"failureDetails":[],"failureMessages":[],"fullName":"Performance Benchmarks Sort Layout sorts 1000 items by row/col","invocations":1,"location":null,"numPassingAsserts":1,"retryReasons":[],"startAt":1774850226369,"status":"passed","title":"sorts 1000 items by row/col"},{"ancestorTitles":["Performance Benchmarks","Correct Bounds"],"duration":1,"failing":false,"failureDetails":[],"failureMessages":[],"fullName":"Performance Benchmarks Correct Bounds corrects bounds for 100 items","invocations":1,"location":null,"numPassingAsserts":1,"retryReasons":[],"startAt":1774850226372,"status":"passed","title":"corrects bounds for 100 items"},{"ancestorTitles":["Performance Benchmarks","Correct Bounds"],"duration":0,"failing":false,"failureDetails":[],"failureMessages":[],"fullName":"Performance Benchmarks Correct Bounds corrects bounds for 500 items","invocations":1,"location":null,"numPassingAsserts":1,"retryReasons":[],"startAt":1774850226373,"status":"passed","title":"corrects bounds for 500 items"},{"ancestorTitles":["Performance Benchmarks","Correct Bounds"],"duration":1,"failing":false,"failureDetails":[],"failureMessages":[],"fullName":"Performance Benchmarks Correct Bounds corrects bounds for 1000 items","invocations":1,"location":null,"numPassingAsserts":1,"retryReasons":[],"startAt":1774850226373,"status":"passed","title":"corrects bounds for 1000 items"},{"ancestorTitles":["Performance Benchmarks","Component Render"],"duration":100,"failing":false,"failureDetails":[],"failureMessages":[],"fullName":"Performance Benchmarks Component Render renders 50 items","invocations":1,"location":null,"numPassingAsserts":1,"retryReasons":[],"startAt":1774850226374,"status":"passed","title":"renders 50 items"},{"ancestorTitles":["Performance Benchmarks","Component Render"],"duration":112,"failing":false,"failureDetails":[],"failureMessages":[],"fullName":"Performance Benchmarks Component Render renders 100 items","invocations":1,"location":null,"numPassingAsserts":1,"retryReasons":[],"startAt":1774850226474,"status":"passed","title":"renders 100 items"},{"ancestorTitles":["Performance Benchmarks","Component Render"],"duration":186,"failing":false,"failureDetails":[],"failureMessages":[],"fullName":"Performance Benchmarks Component Render renders 200 items","invocations":1,"location":null,"numPassingAsserts":1,"retryReasons":[],"startAt":1774850226586,"status":"passed","title":"renders 200 items"},{"ancestorTitles":["Performance Benchmarks","Full Drag Simulation"],"duration":26,"failing":false,"failureDetails":[],"failureMessages":[],"fullName":"Performance Benchmarks Full Drag Simulation simulates drag through 100-item layout","invocations":1,"location":null,"numPassingAsserts":1,"retryReasons":[],"startAt":1774850226772,"status":"passed","title":"simulates drag through 100-item layout"},{"ancestorTitles":["Benchmark Snapshot"],"duration":13,"failing":false,"failureDetails":[],"failureMessages":[],"fullName":"Benchmark Snapshot compaction output is deterministic (100 items)","invocations":1,"location":null,"numPassingAsserts":1,"retryReasons":[],"startAt":1774850226802,"status":"passed","title":"compaction output is deterministic (100 items)"},{"ancestorTitles":["Benchmark Snapshot"],"duration":13,"failing":false,"failureDetails":[],"failureMessages":[],"fullName":"Benchmark Snapshot compaction output is deterministic (horizontal, 100 items)","invocations":1,"location":null,"numPassingAsserts":1,"retryReasons":[],"startAt":1774850226815,"status":"passed","title":"compaction output is deterministic (horizontal, 100 items)"}],"endTime":1774850226829,"message":"","name":"/Users/mac-SGUISS21/90-temp/react-grid-layout/test/spec/benchmark-test.js","startTime":1774850223121,"status":"passed","summary":""}],"wasInterrupted":false}
