{"numFailedTestSuites":0,"numFailedTests":0,"numPassedTestSuites":16,"numPassedTests":524,"numPendingTestSuites":0,"numPendingTests":8,"numRuntimeErrorTestSuites":0,"numTodoTests":0,"numTotalTestSuites":16,"numTotalTests":532,"openHandles":[],"snapshot":{"added":0,"didUpdate":false,"failure":false,"filesAdded":0,"filesRemoved":0,"filesRemovedList":[],"filesUnmatched":0,"filesUpdated":0,"matched":2,"total":2,"unchecked":0,"uncheckedKeysByFile":[],"unmatched":0,"updated":0},"startTime":1774874406340,"success":true,"testResults":[{"assertionResults":[{"ancestorTitles":["PR #2167 - Drop item alignment","Correct column width calculation"],"duration":3,"failing":false,"failureDetails":[],"failureMessages":[],"fullName":"PR #2167 - Drop item alignment Correct column width calculation should calculate column width accounting for margins and padding","invocations":1,"location":null,"numPassingAsserts":1,"retryReasons":[],"startAt":1774874408102,"status":"passed","title":"should calculate column width accounting for margins and padding"},{"ancestorTitles":["PR #2167 - Drop item alignment","Correct column width calculation"],"duration":1,"failing":false,"failureDetails":[],"failureMessages":[],"fullName":"PR #2167 - Drop item alignment Correct column width calculation should calculate item pixel width including inter-cell margins","invocations":1,"location":null,"numPassingAsserts":1,"retryReasons":[],"startAt":1774874408105,"status":"passed","title":"should calculate item pixel width including inter-cell margins"},{"ancestorTitles":["PR #2167 - Drop item alignment","Item centering calculation with correct dimensions"],"duration":11,"failing":false,"failureDetails":[],"failureMessages":[],"fullName":"PR #2167 - Drop item alignment Item centering calculation with correct dimensions should center a 1x1 item on cursor position","invocations":1,"location":null,"numPassingAsserts":2,"retryReasons":[],"startAt":1774874408106,"status":"passed","title":"should center a 1x1 item on cursor position"},{"ancestorTitles":["PR #2167 - Drop item alignment","Item centering calculation with correct dimensions"],"duration":1,"failing":false,"failureDetails":[],"failureMessages":[],"fullName":"PR #2167 - Drop item alignment Item centering calculation with correct dimensions should center a 2x2 item on cursor position","invocations":1,"location":null,"numPassingAsserts":4,"retryReasons":[],"startAt":1774874408121,"status":"passed","title":"should center a 2x2 item on cursor position"},{"ancestorTitles":["PR #2167 - Drop item alignment","Item centering calculation with correct dimensions"],"duration":0,"failing":false,"failureDetails":[],"failureMessages":[],"fullName":"PR #2167 - Drop item alignment Item centering calculation with correct dimensions should clamp to grid bounds when centering would go negative","invocations":1,"location":null,"numPassingAsserts":4,"retryReasons":[],"startAt":1774874408122,"status":"passed","title":"should clamp to grid bounds when centering would go negative"},{"ancestorTitles":["PR #2167 - Drop item alignment","Cursor offset awareness"],"duration":1,"failing":false,"failureDetails":[],"failureMessages":[],"fullName":"PR #2167 - Drop item alignment Cursor offset awareness should support dragOffsetX for horizontal cursor offset","invocations":1,"location":null,"numPassingAsserts":2,"retryReasons":[],"startAt":1774874408122,"status":"passed","title":"should support dragOffsetX for horizontal cursor offset"},{"ancestorTitles":["PR #2167 - Drop item alignment","Cursor offset awareness"],"duration":0,"failing":false,"failureDetails":[],"failureMessages":[],"fullName":"PR #2167 - Drop item alignment Cursor offset awareness should support dragOffsetY for vertical cursor offset","invocations":1,"location":null,"numPassingAsserts":2,"retryReasons":[],"startAt":1774874408123,"status":"passed","title":"should support dragOffsetY for vertical cursor offset"},{"ancestorTitles":["PR #2167 - Drop item alignment","Grid with different margins"],"duration":0,"failing":false,"failureDetails":[],"failureMessages":[],"fullName":"PR #2167 - Drop item alignment Grid with different margins should handle zero margins correctly","invocations":1,"location":null,"numPassingAsserts":5,"retryReasons":[],"startAt":1774874408123,"status":"passed","title":"should handle zero margins correctly"},{"ancestorTitles":["PR #2167 - Drop item alignment","Grid with different margins"],"duration":0,"failing":false,"failureDetails":[],"failureMessages":[],"fullName":"PR #2167 - Drop item alignment Grid with different margins should handle large margins correctly","invocations":1,"location":null,"numPassingAsserts":3,"retryReasons":[],"startAt":1774874408123,"status":"passed","title":"should handle large margins correctly"}],"endTime":1774874408124,"message":"","name":"/Users/mac-SGUISS21/90-temp/react-grid-layout/test/spec/drop-alignment.test.ts","startTime":1774874407417,"status":"passed","summary":""},{"assertionResults":[{"ancestorTitles":["PR #1309 - Static items compaction"],"duration":13,"failing":false,"failureDetails":[],"failureMessages":[],"fullName":"PR #1309 - Static items compaction should handle recursive collision with statics mixed throughout layout","invocations":1,"location":null,"numPassingAsserts":9,"retryReasons":[],"startAt":1774874408116,"status":"passed","title":"should handle recursive collision with statics mixed throughout layout"},{"ancestorTitles":["PR #1309 - Static items compaction"],"duration":0,"failing":false,"failureDetails":[],"failureMessages":[],"fullName":"PR #1309 - Static items compaction should still use optimization when no statics are present","invocations":1,"location":null,"numPassingAsserts":3,"retryReasons":[],"startAt":1774874408129,"status":"passed","title":"should still use optimization when no statics are present"}],"endTime":1774874408130,"message":"","name":"/Users/mac-SGUISS21/90-temp/react-grid-layout/test/spec/static-compaction.test.ts","startTime":1774874407415,"status":"passed","summary":""},{"assertionResults":[{"ancestorTitles":["wrapCompactor","basic properties"],"duration":3,"failing":false,"failureDetails":[],"failureMessages":[],"fullName":"wrapCompactor basic properties has correct type","invocations":1,"location":null,"numPassingAsserts":1,"retryReasons":[],"startAt":1774874408121,"status":"passed","title":"has correct type"},{"ancestorTitles":["wrapCompactor","basic properties"],"duration":0,"failing":false,"failureDetails":[],"failureMessages":[],"fullName":"wrapCompactor basic properties has allowOverlap false","invocations":1,"location":null,"numPassingAsserts":1,"retryReasons":[],"startAt":1774874408125,"status":"passed","title":"has allowOverlap false"},{"ancestorTitles":["wrapCompactor","compact"],"duration":0,"failing":false,"failureDetails":[],"failureMessages":[],"fullName":"wrapCompactor compact handles empty layout","invocations":1,"location":null,"numPassingAsserts":1,"retryReasons":[],"startAt":1774874408125,"status":"passed","title":"handles empty layout"},{"ancestorTitles":["wrapCompactor","compact"],"duration":1,"failing":false,"failureDetails":[],"failureMessages":[],"fullName":"wrapCompactor compact handles single item","invocations":1,"location":null,"numPassingAsserts":2,"retryReasons":[],"startAt":1774874408125,"status":"passed","title":"handles single item"},{"ancestorTitles":["wrapCompactor","compact"],"duration":0,"failing":false,"failureDetails":[],"failureMessages":[],"fullName":"wrapCompactor compact compacts items in reading order (left-to-right, top-to-bottom)","invocations":1,"location":null,"numPassingAsserts":6,"retryReasons":[],"startAt":1774874408126,"status":"passed","title":"compacts items in reading order (left-to-right, top-to-bottom)"},{"ancestorTitles":["wrapCompactor","compact"],"duration":1,"failing":false,"failureDetails":[],"failureMessages":[],"fullName":"wrapCompactor compact wraps to next row when exceeding cols","invocations":1,"location":null,"numPassingAsserts":4,"retryReasons":[],"startAt":1774874408126,"status":"passed","title":"wraps to next row when exceeding cols"},{"ancestorTitles":["wrapCompactor","compact"],"duration":0,"failing":false,"failureDetails":[],"failureMessages":[],"fullName":"wrapCompactor compact respects static items","invocations":1,"location":null,"numPassingAsserts":4,"retryReasons":[],"startAt":1774874408127,"status":"passed","title":"respects static items"},{"ancestorTitles":["wrapCompactor","compact"],"duration":1,"failing":false,"failureDetails":[],"failureMessages":[],"fullName":"wrapCompactor compact preserves original array order in output","invocations":1,"location":null,"numPassingAsserts":2,"retryReasons":[],"startAt":1774874408127,"status":"passed","title":"preserves original array order in output"},{"ancestorTitles":["wrapOverlapCompactor"],"duration":0,"failing":false,"failureDetails":[],"failureMessages":[],"fullName":"wrapOverlapCompactor has correct type","invocations":1,"location":null,"numPassingAsserts":1,"retryReasons":[],"startAt":1774874408128,"status":"passed","title":"has correct type"},{"ancestorTitles":["wrapOverlapCompactor"],"duration":0,"failing":false,"failureDetails":[],"failureMessages":[],"fullName":"wrapOverlapCompactor has allowOverlap true","invocations":1,"location":null,"numPassingAsserts":1,"retryReasons":[],"startAt":1774874408128,"status":"passed","title":"has allowOverlap true"},{"ancestorTitles":["wrapOverlapCompactor"],"duration":0,"failing":false,"failureDetails":[],"failureMessages":[],"fullName":"wrapOverlapCompactor compact clones without moving","invocations":1,"location":null,"numPassingAsserts":2,"retryReasons":[],"startAt":1774874408128,"status":"passed","title":"compact clones without moving"},{"ancestorTitles":["Compactor interface compliance"],"duration":0,"failing":false,"failureDetails":[],"failureMessages":[],"fullName":"Compactor interface compliance has required properties","invocations":1,"location":null,"numPassingAsserts":3,"retryReasons":[],"startAt":1774874408129,"status":"passed","title":"has required properties"},{"ancestorTitles":["Compactor interface compliance"],"duration":0,"failing":false,"failureDetails":[],"failureMessages":[],"fullName":"Compactor interface compliance compact returns an array","invocations":1,"location":null,"numPassingAsserts":1,"retryReasons":[],"startAt":1774874408129,"status":"passed","title":"compact returns an array"},{"ancestorTitles":["Compactor interface compliance"],"duration":0,"failing":false,"failureDetails":[],"failureMessages":[],"fullName":"Compactor interface compliance compact preserves item count","invocations":1,"location":null,"numPassingAsserts":1,"retryReasons":[],"startAt":1774874408129,"status":"passed","title":"compact preserves item count"},{"ancestorTitles":["Compactor interface compliance"],"duration":1,"failing":false,"failureDetails":[],"failureMessages":[],"fullName":"Compactor interface compliance compact preserves item properties","invocations":1,"location":null,"numPassingAsserts":7,"retryReasons":[],"startAt":1774874408129,"status":"passed","title":"compact preserves item properties"}],"endTime":1774874408130,"message":"","name":"/Users/mac-SGUISS21/90-temp/react-grid-layout/test/spec/wrapCompactor-test.ts","startTime":1774874407422,"status":"passed","summary":""},{"assertionResults":[{"ancestorTitles":["Compactors","verticalCompactor"],"duration":4,"failing":false,"failureDetails":[],"failureMessages":[],"fullName":"Compactors verticalCompactor has correct type","invocations":1,"location":null,"numPassingAsserts":1,"retryReasons":[],"startAt":1774874408129,"status":"passed","title":"has correct type"},{"ancestorTitles":["Compactors","verticalCompactor"],"duration":0,"failing":false,"failureDetails":[],"failureMessages":[],"fullName":"Compactors verticalCompactor compacts items to the top","invocations":1,"location":null,"numPassingAsserts":2,"retryReasons":[],"startAt":1774874408133,"status":"passed","title":"compacts items to the top"},{"ancestorTitles":["Compactors","verticalCompactor"],"duration":1,"failing":false,"failureDetails":[],"failureMessages":[],"fullName":"Compactors verticalCompactor stacks items vertically when they overlap horizontally","invocations":1,"location":null,"numPassingAsserts":2,"retryReasons":[],"startAt":1774874408133,"status":"passed","title":"stacks items vertically when they overlap horizontally"},{"ancestorTitles":["Compactors","verticalCompactor"],"duration":0,"failing":false,"failureDetails":[],"failureMessages":[],"fullName":"Compactors verticalCompactor respects static items","invocations":1,"location":null,"numPassingAsserts":2,"retryReasons":[],"startAt":1774874408134,"status":"passed","title":"respects static items"},{"ancestorTitles":["Compactors","verticalCompactor"],"duration":0,"failing":false,"failureDetails":[],"failureMessages":[],"fullName":"Compactors verticalCompactor handles empty layout","invocations":1,"location":null,"numPassingAsserts":1,"retryReasons":[],"startAt":1774874408134,"status":"passed","title":"handles empty layout"},{"ancestorTitles":["Compactors","verticalCompactor"],"duration":1,"failing":false,"failureDetails":[],"failureMessages":[],"fullName":"Compactors verticalCompactor handles single item","invocations":1,"location":null,"numPassingAsserts":1,"retryReasons":[],"startAt":1774874408134,"status":"passed","title":"handles single item"},{"ancestorTitles":["Compactors","verticalCompactor"],"duration":0,"failing":false,"failureDetails":[],"failureMessages":[],"fullName":"Compactors verticalCompactor preserves x position during vertical compaction","invocations":1,"location":null,"numPassingAsserts":2,"retryReasons":[],"startAt":1774874408135,"status":"passed","title":"preserves x position during vertical compaction"},{"ancestorTitles":["Compactors","verticalCompactor"],"duration":0,"failing":false,"failureDetails":[],"failureMessages":[],"fullName":"Compactors verticalCompactor handles items at different x positions independently","invocations":1,"location":null,"numPassingAsserts":2,"retryReasons":[],"startAt":1774874408135,"status":"passed","title":"handles items at different x positions independently"},{"ancestorTitles":["Compactors","horizontalCompactor"],"duration":0,"failing":false,"failureDetails":[],"failureMessages":[],"fullName":"Compactors horizontalCompactor has correct type","invocations":1,"location":null,"numPassingAsserts":1,"retryReasons":[],"startAt":1774874408135,"status":"passed","title":"has correct type"},{"ancestorTitles":["Compactors","horizontalCompactor"],"duration":1,"failing":false,"failureDetails":[],"failureMessages":[],"fullName":"Compactors horizontalCompactor compacts items to the left","invocations":1,"location":null,"numPassingAsserts":2,"retryReasons":[],"startAt":1774874408144,"status":"passed","title":"compacts items to the left"},{"ancestorTitles":["Compactors","horizontalCompactor"],"duration":11,"failing":false,"failureDetails":[],"failureMessages":[],"fullName":"Compactors horizontalCompactor stacks items horizontally when they overlap vertically","invocations":1,"location":null,"numPassingAsserts":2,"retryReasons":[],"startAt":1774874408145,"status":"passed","title":"stacks items horizontally when they overlap vertically"},{"ancestorTitles":["Compactors","horizontalCompactor"],"duration":1,"failing":false,"failureDetails":[],"failureMessages":[],"fullName":"Compactors horizontalCompactor handles empty layout","invocations":1,"location":null,"numPassingAsserts":1,"retryReasons":[],"startAt":1774874408157,"status":"passed","title":"handles empty layout"},{"ancestorTitles":["Compactors","horizontalCompactor"],"duration":0,"failing":false,"failureDetails":[],"failureMessages":[],"fullName":"Compactors horizontalCompactor preserves y position during horizontal compaction","invocations":1,"location":null,"numPassingAsserts":2,"retryReasons":[],"startAt":1774874408158,"status":"passed","title":"preserves y position during horizontal compaction"},{"ancestorTitles":["Compactors","noCompactor"],"duration":1,"failing":false,"failureDetails":[],"failureMessages":[],"fullName":"Compactors noCompactor has null type","invocations":1,"location":null,"numPassingAsserts":1,"retryReasons":[],"startAt":1774874408158,"status":"passed","title":"has null type"},{"ancestorTitles":["Compactors","noCompactor"],"duration":0,"failing":false,"failureDetails":[],"failureMessages":[],"fullName":"Compactors noCompactor returns layout unchanged","invocations":1,"location":null,"numPassingAsserts":1,"retryReasons":[],"startAt":1774874408159,"status":"passed","title":"returns layout unchanged"},{"ancestorTitles":["Compactors","noCompactor"],"duration":0,"failing":false,"failureDetails":[],"failureMessages":[],"fullName":"Compactors noCompactor handles empty layout","invocations":1,"location":null,"numPassingAsserts":1,"retryReasons":[],"startAt":1774874408159,"status":"passed","title":"handles empty layout"},{"ancestorTitles":["Compactors","getCompactor"],"duration":0,"failing":false,"failureDetails":[],"failureMessages":[],"fullName":"Compactors getCompactor returns verticalCompactor for 'vertical'","invocations":1,"location":null,"numPassingAsserts":1,"retryReasons":[],"startAt":1774874408160,"status":"passed","title":"returns verticalCompactor for 'vertical'"},{"ancestorTitles":["Compactors","getCompactor"],"duration":0,"failing":false,"failureDetails":[],"failureMessages":[],"fullName":"Compactors getCompactor returns horizontalCompactor for 'horizontal'","invocations":1,"location":null,"numPassingAsserts":1,"retryReasons":[],"startAt":1774874408160,"status":"passed","title":"returns horizontalCompactor for 'horizontal'"},{"ancestorTitles":["Compactors","getCompactor"],"duration":0,"failing":false,"failureDetails":[],"failureMessages":[],"fullName":"Compactors getCompactor returns noCompactor for null","invocations":1,"location":null,"numPassingAsserts":1,"retryReasons":[],"startAt":1774874408160,"status":"passed","title":"returns noCompactor for null"},{"ancestorTitles":["Compactors","getCompactor"],"duration":0,"failing":false,"failureDetails":[],"failureMessages":[],"fullName":"Compactors getCompactor returns noCompactor for undefined","invocations":1,"location":null,"numPassingAsserts":1,"retryReasons":[],"startAt":1774874408160,"status":"passed","title":"returns noCompactor for undefined"},{"ancestorTitles":["Compactors","Compactor interface compliance","vertical compactor"],"duration":0,"failing":false,"failureDetails":[],"failureMessages":[],"fullName":"Compactors Compactor interface compliance vertical compactor has a type property","invocations":1,"location":null,"numPassingAsserts":1,"retryReasons":[],"startAt":1774874408160,"status":"passed","title":"has a type property"},{"ancestorTitles":["Compactors","Compactor interface compliance","vertical compactor"],"duration":0,"failing":false,"failureDetails":[],"failureMessages":[],"fullName":"Compactors Compactor interface compliance vertical compactor has a compact method","invocations":1,"location":null,"numPassingAsserts":1,"retryReasons":[],"startAt":1774874408161,"status":"passed","title":"has a compact method"},{"ancestorTitles":["Compactors","Compactor interface compliance","vertical compactor"],"duration":2,"failing":false,"failureDetails":[],"failureMessages":[],"fullName":"Compactors Compactor interface compliance vertical compactor compact returns an array","invocations":1,"location":null,"numPassingAsserts":1,"retryReasons":[],"startAt":1774874408161,"status":"passed","title":"compact returns an array"},{"ancestorTitles":["Compactors","Compactor interface compliance","vertical compactor"],"duration":3,"failing":false,"failureDetails":[],"failureMessages":[],"fullName":"Compactors Compactor interface compliance vertical compactor compact preserves item count","invocations":1,"location":null,"numPassingAsserts":1,"retryReasons":[],"startAt":1774874408163,"status":"passed","title":"compact preserves item count"},{"ancestorTitles":["Compactors","Compactor interface compliance","vertical compactor"],"duration":0,"failing":false,"failureDetails":[],"failureMessages":[],"fullName":"Compactors Compactor interface compliance vertical compactor compact preserves item properties","invocations":1,"location":null,"numPassingAsserts":7,"retryReasons":[],"startAt":1774874408166,"status":"passed","title":"compact preserves item properties"},{"ancestorTitles":["Compactors","Compactor interface compliance","horizontal compactor"],"duration":0,"failing":false,"failureDetails":[],"failureMessages":[],"fullName":"Compactors Compactor interface compliance horizontal compactor has a type property","invocations":1,"location":null,"numPassingAsserts":1,"retryReasons":[],"startAt":1774874408166,"status":"passed","title":"has a type property"},{"ancestorTitles":["Compactors","Compactor interface compliance","horizontal compactor"],"duration":0,"failing":false,"failureDetails":[],"failureMessages":[],"fullName":"Compactors Compactor interface compliance horizontal compactor has a compact method","invocations":1,"location":null,"numPassingAsserts":1,"retryReasons":[],"startAt":1774874408166,"status":"passed","title":"has a compact method"},{"ancestorTitles":["Compactors","Compactor interface compliance","horizontal compactor"],"duration":0,"failing":false,"failureDetails":[],"failureMessages":[],"fullName":"Compactors Compactor interface compliance horizontal compactor compact returns an array","invocations":1,"location":null,"numPassingAsserts":1,"retryReasons":[],"startAt":1774874408167,"status":"passed","title":"compact returns an array"},{"ancestorTitles":["Compactors","Compactor interface compliance","horizontal compactor"],"duration":0,"failing":false,"failureDetails":[],"failureMessages":[],"fullName":"Compactors Compactor interface compliance horizontal compactor compact preserves item count","invocations":1,"location":null,"numPassingAsserts":1,"retryReasons":[],"startAt":1774874408167,"status":"passed","title":"compact preserves item count"},{"ancestorTitles":["Compactors","Compactor interface compliance","horizontal compactor"],"duration":0,"failing":false,"failureDetails":[],"failureMessages":[],"fullName":"Compactors Compactor interface compliance horizontal compactor compact preserves item properties","invocations":1,"location":null,"numPassingAsserts":7,"retryReasons":[],"startAt":1774874408167,"status":"passed","title":"compact preserves item properties"},{"ancestorTitles":["Compactors","Compactor interface compliance","no compactor"],"duration":0,"failing":false,"failureDetails":[],"failureMessages":[],"fullName":"Compactors Compactor interface compliance no compactor has a type property","invocations":1,"location":null,"numPassingAsserts":1,"retryReasons":[],"startAt":1774874408167,"status":"passed","title":"has a type property"},{"ancestorTitles":["Compactors","Compactor interface compliance","no compactor"],"duration":0,"failing":false,"failureDetails":[],"failureMessages":[],"fullName":"Compactors Compactor interface compliance no compactor has a compact method","invocations":1,"location":null,"numPassingAsserts":1,"retryReasons":[],"startAt":1774874408167,"status":"passed","title":"has a compact method"},{"ancestorTitles":["Compactors","Compactor interface compliance","no compactor"],"duration":0,"failing":false,"failureDetails":[],"failureMessages":[],"fullName":"Compactors Compactor interface compliance no compactor compact returns an array","invocations":1,"location":null,"numPassingAsserts":1,"retryReasons":[],"startAt":1774874408167,"status":"passed","title":"compact returns an array"},{"ancestorTitles":["Compactors","Compactor interface compliance","no compactor"],"duration":0,"failing":false,"failureDetails":[],"failureMessages":[],"fullName":"Compactors Compactor interface compliance no compactor compact preserves item count","invocations":1,"location":null,"numPassingAsserts":1,"retryReasons":[],"startAt":1774874408167,"status":"passed","title":"compact preserves item count"},{"ancestorTitles":["Compactors","Compactor interface compliance","no compactor"],"duration":1,"failing":false,"failureDetails":[],"failureMessages":[],"fullName":"Compactors Compactor interface compliance no compactor compact preserves item properties","invocations":1,"location":null,"numPassingAsserts":7,"retryReasons":[],"startAt":1774874408167,"status":"passed","title":"compact preserves item properties"},{"ancestorTitles":["Compactors","Overlap-allowing compactors"],"duration":0,"failing":false,"failureDetails":[],"failureMessages":[],"fullName":"Compactors Overlap-allowing compactors verticalOverlapCompactor has allowOverlap true","invocations":1,"location":null,"numPassingAsserts":2,"retryReasons":[],"startAt":1774874408168,"status":"passed","title":"verticalOverlapCompactor has allowOverlap true"},{"ancestorTitles":["Compactors","Overlap-allowing compactors"],"duration":0,"failing":false,"failureDetails":[],"failureMessages":[],"fullName":"Compactors Overlap-allowing compactors horizontalOverlapCompactor has allowOverlap true","invocations":1,"location":null,"numPassingAsserts":2,"retryReasons":[],"startAt":1774874408168,"status":"passed","title":"horizontalOverlapCompactor has allowOverlap true"},{"ancestorTitles":["Compactors","Overlap-allowing compactors"],"duration":0,"failing":false,"failureDetails":[],"failureMessages":[],"fullName":"Compactors Overlap-allowing compactors noOverlapCompactor has allowOverlap true and type null","invocations":1,"location":null,"numPassingAsserts":2,"retryReasons":[],"startAt":1774874408168,"status":"passed","title":"noOverlapCompactor has allowOverlap true and type null"},{"ancestorTitles":["Compactors","Overlap-allowing compactors"],"duration":0,"failing":false,"failureDetails":[],"failureMessages":[],"fullName":"Compactors Overlap-allowing compactors verticalOverlapCompactor.compact clones without moving","invocations":1,"location":null,"numPassingAsserts":2,"retryReasons":[],"startAt":1774874408168,"status":"passed","title":"verticalOverlapCompactor.compact clones without moving"},{"ancestorTitles":["Compactors","Overlap-allowing compactors"],"duration":0,"failing":false,"failureDetails":[],"failureMessages":[],"fullName":"Compactors Overlap-allowing compactors horizontalOverlapCompactor.compact clones without moving","invocations":1,"location":null,"numPassingAsserts":2,"retryReasons":[],"startAt":1774874408168,"status":"passed","title":"horizontalOverlapCompactor.compact clones without moving"},{"ancestorTitles":["Compactors","getCompactor with allowOverlap"],"duration":0,"failing":false,"failureDetails":[],"failureMessages":[],"fullName":"Compactors getCompactor with allowOverlap returns verticalOverlapCompactor for vertical with allowOverlap","invocations":1,"location":null,"numPassingAsserts":2,"retryReasons":[],"startAt":1774874408168,"status":"passed","title":"returns verticalOverlapCompactor for vertical with allowOverlap"},{"ancestorTitles":["Compactors","getCompactor with allowOverlap"],"duration":1,"failing":false,"failureDetails":[],"failureMessages":[],"fullName":"Compactors getCompactor with allowOverlap returns horizontalOverlapCompactor for horizontal with allowOverlap","invocations":1,"location":null,"numPassingAsserts":2,"retryReasons":[],"startAt":1774874408168,"status":"passed","title":"returns horizontalOverlapCompactor for horizontal with allowOverlap"},{"ancestorTitles":["Compactors","getCompactor with allowOverlap"],"duration":0,"failing":false,"failureDetails":[],"failureMessages":[],"fullName":"Compactors getCompactor with allowOverlap returns noOverlapCompactor for null with allowOverlap","invocations":1,"location":null,"numPassingAsserts":2,"retryReasons":[],"startAt":1774874408169,"status":"passed","title":"returns noOverlapCompactor for null with allowOverlap"},{"ancestorTitles":["Compactors","getCompactor with allowOverlap"],"duration":0,"failing":false,"failureDetails":[],"failureMessages":[],"fullName":"Compactors getCompactor with allowOverlap returns compactor with preventCollision flag","invocations":1,"location":null,"numPassingAsserts":2,"retryReasons":[],"startAt":1774874408169,"status":"passed","title":"returns compactor with preventCollision flag"},{"ancestorTitles":["Compactors","Collision resolution"],"duration":0,"failing":false,"failureDetails":[],"failureMessages":[],"fullName":"Compactors Collision resolution resolves collision by moving items down","invocations":1,"location":null,"numPassingAsserts":2,"retryReasons":[],"startAt":1774874408169,"status":"passed","title":"resolves collision by moving items down"},{"ancestorTitles":["Compactors","Collision resolution"],"duration":0,"failing":false,"failureDetails":[],"failureMessages":[],"fullName":"Compactors Collision resolution horizontal compactor resolves collisions by moving right","invocations":1,"location":null,"numPassingAsserts":2,"retryReasons":[],"startAt":1774874408169,"status":"passed","title":"horizontal compactor resolves collisions by moving right"},{"ancestorTitles":["Compactors","Edge cases"],"duration":0,"failing":false,"failureDetails":[],"failureMessages":[],"fullName":"Compactors Edge cases handles items with zero width","invocations":1,"location":null,"numPassingAsserts":1,"retryReasons":[],"startAt":1774874408169,"status":"passed","title":"handles items with zero width"},{"ancestorTitles":["Compactors","Edge cases"],"duration":0,"failing":false,"failureDetails":[],"failureMessages":[],"fullName":"Compactors Edge cases handles items with zero height","invocations":1,"location":null,"numPassingAsserts":1,"retryReasons":[],"startAt":1774874408169,"status":"passed","title":"handles items with zero height"},{"ancestorTitles":["Compactors","Edge cases"],"duration":0,"failing":false,"failureDetails":[],"failureMessages":[],"fullName":"Compactors Edge cases handles items wider than cols","invocations":1,"location":null,"numPassingAsserts":1,"retryReasons":[],"startAt":1774874408170,"status":"passed","title":"handles items wider than cols"},{"ancestorTitles":["Compactors","Edge cases"],"duration":0,"failing":false,"failureDetails":[],"failureMessages":[],"fullName":"Compactors Edge cases handles negative positions","invocations":1,"location":null,"numPassingAsserts":1,"retryReasons":[],"startAt":1774874408170,"status":"passed","title":"handles negative positions"},{"ancestorTitles":["Compactors","Edge cases"],"duration":1,"failing":false,"failureDetails":[],"failureMessages":[],"fullName":"Compactors Edge cases handles very large layout","invocations":1,"location":null,"numPassingAsserts":2,"retryReasons":[],"startAt":1774874408170,"status":"passed","title":"handles very large layout"}],"endTime":1774874408172,"message":"","name":"/Users/mac-SGUISS21/90-temp/react-grid-layout/test/spec/compactors-test.ts","startTime":1774874407413,"status":"passed","summary":""},{"assertionResults":[{"ancestorTitles":["bottom"],"duration":4,"failing":false,"failureDetails":[],"failureMessages":[],"fullName":"bottom Handles an empty layout as input","invocations":1,"location":null,"numPassingAsserts":1,"retryReasons":[],"startAt":1774874408134,"status":"passed","title":"Handles an empty layout as input"},{"ancestorTitles":["bottom"],"duration":1,"failing":false,"failureDetails":[],"failureMessages":[],"fullName":"bottom Returns the bottom coordinate of the layout","invocations":1,"location":null,"numPassingAsserts":1,"retryReasons":[],"startAt":1774874408138,"status":"passed","title":"Returns the bottom coordinate of the layout"},{"ancestorTitles":["sortLayoutItemsByRowCol"],"duration":0,"failing":false,"failureDetails":[],"failureMessages":[],"fullName":"sortLayoutItemsByRowCol should sort by top to bottom right","invocations":1,"location":null,"numPassingAsserts":1,"retryReasons":[],"startAt":1774874408139,"status":"passed","title":"should sort by top to bottom right"},{"ancestorTitles":["collides"],"duration":1,"failing":false,"failureDetails":[],"failureMessages":[],"fullName":"collides Returns whether the layout items collide","invocations":1,"location":null,"numPassingAsserts":2,"retryReasons":[],"startAt":1774874408139,"status":"passed","title":"Returns whether the layout items collide"},{"ancestorTitles":["validateLayout"],"duration":0,"failing":false,"failureDetails":[],"failureMessages":[],"fullName":"validateLayout Validates an empty layout","invocations":1,"location":null,"numPassingAsserts":0,"retryReasons":[],"startAt":1774874408140,"status":"passed","title":"Validates an empty layout"},{"ancestorTitles":["validateLayout"],"duration":0,"failing":false,"failureDetails":[],"failureMessages":[],"fullName":"validateLayout Validates a populated layout","invocations":1,"location":null,"numPassingAsserts":0,"retryReasons":[],"startAt":1774874408140,"status":"passed","title":"Validates a populated layout"},{"ancestorTitles":["validateLayout"],"duration":39,"failing":false,"failureDetails":[],"failureMessages":[],"fullName":"validateLayout Throws errors on h not as a number","invocations":1,"location":null,"numPassingAsserts":1,"retryReasons":[],"startAt":1774874408140,"status":"passed","title":"Throws errors on h not as a number"},{"ancestorTitles":["moveElement"],"duration":0,"failing":false,"failureDetails":[],"failureMessages":[],"fullName":"moveElement Does not change layout when colliding on no rearrangement mode","invocations":1,"location":null,"numPassingAsserts":1,"retryReasons":[],"startAt":1774874408179,"status":"passed","title":"Does not change layout when colliding on no rearrangement mode"},{"ancestorTitles":["moveElement"],"duration":1,"failing":false,"failureDetails":[],"failureMessages":[],"fullName":"moveElement Does change layout when colliding in rearrangement mode","invocations":1,"location":null,"numPassingAsserts":1,"retryReasons":[],"startAt":1774874408179,"status":"passed","title":"Does change layout when colliding in rearrangement mode"},{"ancestorTitles":["moveElement"],"duration":0,"failing":false,"failureDetails":[],"failureMessages":[],"fullName":"moveElement Moves elements out of the way without causing panel jumps when compaction is vertical","invocations":1,"location":null,"numPassingAsserts":1,"retryReasons":[],"startAt":1774874408180,"status":"passed","title":"Moves elements out of the way without causing panel jumps when compaction is vertical"},{"ancestorTitles":["moveElement"],"duration":1,"failing":false,"failureDetails":[],"failureMessages":[],"fullName":"moveElement Calculates the correct collision when moving large object far","invocations":1,"location":null,"numPassingAsserts":1,"retryReasons":[],"startAt":1774874408180,"status":"passed","title":"Calculates the correct collision when moving large object far"},{"ancestorTitles":["moveElement"],"duration":1,"failing":false,"failureDetails":[],"failureMessages":[],"fullName":"moveElement Moves elements out of the way without causing panel jumps when compaction is vertical (example case 13)","invocations":1,"location":null,"numPassingAsserts":1,"retryReasons":[],"startAt":1774874408184,"status":"passed","title":"Moves elements out of the way without causing panel jumps when compaction is vertical (example case 13)"},{"ancestorTitles":["moveElement"],"duration":0,"failing":false,"failureDetails":[],"failureMessages":[],"fullName":"moveElement Moves elements out of the way without causing panel jumps when compaction is horizontal","invocations":1,"location":null,"numPassingAsserts":1,"retryReasons":[],"startAt":1774874408185,"status":"passed","title":"Moves elements out of the way without causing panel jumps when compaction is horizontal"},{"ancestorTitles":["moveElement"],"duration":0,"failing":false,"failureDetails":[],"failureMessages":[],"fullName":"moveElement Moves one element to another should cause moving down panels, vert compact, example 1","invocations":1,"location":null,"numPassingAsserts":1,"retryReasons":[],"startAt":1774874408185,"status":"passed","title":"Moves one element to another should cause moving down panels, vert compact, example 1"},{"ancestorTitles":["moveElement"],"duration":1,"failing":false,"failureDetails":[],"failureMessages":[],"fullName":"moveElement Moves one element to another should cause moving down panels, vert compact, example 2","invocations":1,"location":null,"numPassingAsserts":1,"retryReasons":[],"startAt":1774874408185,"status":"passed","title":"Moves one element to another should cause moving down panels, vert compact, example 2"},{"ancestorTitles":["moveElement"],"duration":0,"failing":false,"failureDetails":[],"failureMessages":[],"fullName":"moveElement Prevent collision","invocations":1,"location":null,"numPassingAsserts":2,"retryReasons":[],"startAt":1774874408186,"status":"passed","title":"Prevent collision"},{"ancestorTitles":["moveElement"],"duration":0,"failing":false,"failureDetails":[],"failureMessages":[],"fullName":"moveElement Allow overlapping the grid items","invocations":1,"location":null,"numPassingAsserts":1,"retryReasons":[],"startAt":1774874408186,"status":"passed","title":"Allow overlapping the grid items"},{"ancestorTitles":["moveElement"],"duration":1,"failing":false,"failureDetails":[],"failureMessages":[],"fullName":"moveElement Layout is cloned when using allowOverlap (#1606)","invocations":1,"location":null,"numPassingAsserts":1,"retryReasons":[],"startAt":1774874408186,"status":"passed","title":"Layout is cloned when using allowOverlap (#1606)"},{"ancestorTitles":["moveElementAwayFromCollision"],"duration":0,"failing":false,"failureDetails":[],"failureMessages":[],"fullName":"moveElementAwayFromCollision Uses correct y-coordinate offset when moving item down due to collision north (#2173)","invocations":1,"location":null,"numPassingAsserts":2,"retryReasons":[],"startAt":1774874408187,"status":"passed","title":"Uses correct y-coordinate offset when moving item down due to collision north (#2173)"},{"ancestorTitles":["compact vertical"],"duration":0,"failing":false,"failureDetails":[],"failureMessages":[],"fullName":"compact vertical Removes empty vertical space above item","invocations":1,"location":null,"numPassingAsserts":1,"retryReasons":[],"startAt":1774874408187,"status":"passed","title":"Removes empty vertical space above item"},{"ancestorTitles":["compact vertical"],"duration":0,"failing":false,"failureDetails":[],"failureMessages":[],"fullName":"compact vertical Resolve collision by moving item further down in array","invocations":1,"location":null,"numPassingAsserts":1,"retryReasons":[],"startAt":1774874408187,"status":"passed","title":"Resolve collision by moving item further down in array"},{"ancestorTitles":["compact vertical"],"duration":1,"failing":false,"failureDetails":[],"failureMessages":[],"fullName":"compact vertical Handles recursive collision by moving new collisions out of the way before moving item down","invocations":1,"location":null,"numPassingAsserts":1,"retryReasons":[],"startAt":1774874408187,"status":"passed","title":"Handles recursive collision by moving new collisions out of the way before moving item down"},{"ancestorTitles":["compact vertical"],"duration":0,"failing":false,"failureDetails":[],"failureMessages":[],"fullName":"compact vertical Clones layout items (does not modify input)","invocations":1,"location":null,"numPassingAsserts":2,"retryReasons":[],"startAt":1774874408188,"status":"passed","title":"Clones layout items (does not modify input)"},{"ancestorTitles":["compact horizontal"],"duration":0,"failing":false,"failureDetails":[],"failureMessages":[],"fullName":"compact horizontal compact horizontal should remove empty horizontal space to left of item","invocations":1,"location":null,"numPassingAsserts":1,"retryReasons":[],"startAt":1774874408188,"status":"passed","title":"compact horizontal should remove empty horizontal space to left of item"},{"ancestorTitles":["compact horizontal"],"duration":0,"failing":false,"failureDetails":[],"failureMessages":[],"fullName":"compact horizontal Resolve collision by moving item further to the right in array","invocations":1,"location":null,"numPassingAsserts":1,"retryReasons":[],"startAt":1774874408188,"status":"passed","title":"Resolve collision by moving item further to the right in array"},{"ancestorTitles":["compact horizontal"],"duration":1,"failing":false,"failureDetails":[],"failureMessages":[],"fullName":"compact horizontal Handles recursive collision by moving new collisions out of the way before moving item to the right","invocations":1,"location":null,"numPassingAsserts":1,"retryReasons":[],"startAt":1774874408188,"status":"passed","title":"Handles recursive collision by moving new collisions out of the way before moving item to the right"},{"ancestorTitles":["compact horizontal"],"duration":0,"failing":false,"failureDetails":[],"failureMessages":[],"fullName":"compact horizontal Should put overflowing right elements as bottom needed without colliding and as left as possible","invocations":1,"location":null,"numPassingAsserts":1,"retryReasons":[],"startAt":1774874408189,"status":"passed","title":"Should put overflowing right elements as bottom needed without colliding and as left as possible"},{"ancestorTitles":["calcGridColWidth"],"duration":0,"failing":false,"failureDetails":[],"failureMessages":[],"fullName":"calcGridColWidth should complete basic calculation","invocations":1,"location":null,"numPassingAsserts":1,"retryReasons":[],"startAt":1774874408189,"status":"passed","title":"should complete basic calculation"},{"ancestorTitles":["calcGridColWidth"],"duration":0,"failing":false,"failureDetails":[],"failureMessages":[],"fullName":"calcGridColWidth should consider margin","invocations":1,"location":null,"numPassingAsserts":1,"retryReasons":[],"startAt":1774874408189,"status":"passed","title":"should consider margin"},{"ancestorTitles":["calcGridColWidth"],"duration":0,"failing":false,"failureDetails":[],"failureMessages":[],"fullName":"calcGridColWidth should consider container padding","invocations":1,"location":null,"numPassingAsserts":1,"retryReasons":[],"startAt":1774874408189,"status":"passed","title":"should consider container padding"},{"ancestorTitles":["calcGridColWidth"],"duration":0,"failing":false,"failureDetails":[],"failureMessages":[],"fullName":"calcGridColWidth should consider margin and padding","invocations":1,"location":null,"numPassingAsserts":1,"retryReasons":[],"startAt":1774874408189,"status":"passed","title":"should consider margin and padding"},{"ancestorTitles":["calcGridItemPosition"],"duration":0,"failing":false,"failureDetails":[],"failureMessages":[],"fullName":"calcGridItemPosition should complete basic calculation","invocations":1,"location":null,"numPassingAsserts":1,"retryReasons":[],"startAt":1774874408189,"status":"passed","title":"should complete basic calculation"},{"ancestorTitles":["fastRGLPropsEqual"],"duration":1,"failing":false,"failureDetails":[],"failureMessages":[],"fullName":"fastRGLPropsEqual should tell us if props are equal, including arrays and objects","invocations":1,"location":null,"numPassingAsserts":1,"retryReasons":[],"startAt":1774874408189,"status":"passed","title":"should tell us if props are equal, including arrays and objects"},{"ancestorTitles":["fastRGLPropsEqual"],"duration":0,"failing":false,"failureDetails":[],"failureMessages":[],"fullName":"fastRGLPropsEqual catches changed arrays","invocations":1,"location":null,"numPassingAsserts":1,"retryReasons":[],"startAt":1774874408190,"status":"passed","title":"catches changed arrays"},{"ancestorTitles":["fastRGLPropsEqual"],"duration":0,"failing":false,"failureDetails":[],"failureMessages":[],"fullName":"fastRGLPropsEqual ignores children","invocations":1,"location":null,"numPassingAsserts":1,"retryReasons":[],"startAt":1774874408190,"status":"passed","title":"ignores children"},{"ancestorTitles":["fastRGLPropsEqual"],"duration":0,"failing":false,"failureDetails":[],"failureMessages":[],"fullName":"fastRGLPropsEqual fails added props","invocations":1,"location":null,"numPassingAsserts":1,"retryReasons":[],"startAt":1774874408190,"status":"passed","title":"fails added props"},{"ancestorTitles":["fastRGLPropsEqual"],"duration":0,"failing":false,"failureDetails":[],"failureMessages":[],"fullName":"fastRGLPropsEqual ignores invalid props","invocations":1,"location":null,"numPassingAsserts":1,"retryReasons":[],"startAt":1774874408190,"status":"passed","title":"ignores invalid props"},{"ancestorTitles":["calcWH"],"duration":0,"failing":false,"failureDetails":[],"failureMessages":[],"fullName":"calcWH return { w: 1, h: 1 }","invocations":1,"location":null,"numPassingAsserts":1,"retryReasons":[],"startAt":1774874408190,"status":"passed","title":"return { w: 1, h: 1 }"},{"ancestorTitles":["calcWH"],"duration":0,"failing":false,"failureDetails":[],"failureMessages":[],"fullName":"calcWH return { w: 2, h: 1 }","invocations":1,"location":null,"numPassingAsserts":1,"retryReasons":[],"startAt":1774874408190,"status":"passed","title":"return { w: 2, h: 1 }"},{"ancestorTitles":["calcWH"],"duration":0,"failing":false,"failureDetails":[],"failureMessages":[],"fullName":"calcWH return { w: 1, h: 2 }","invocations":1,"location":null,"numPassingAsserts":1,"retryReasons":[],"startAt":1774874408190,"status":"passed","title":"return { w: 1, h: 2 }"},{"ancestorTitles":["calcXY"],"duration":5,"failing":false,"failureDetails":[],"failureMessages":[],"fullName":"calcXY return {x:0, y:0}","invocations":1,"location":null,"numPassingAsserts":1,"retryReasons":[],"startAt":1774874408190,"status":"passed","title":"return {x:0, y:0}"},{"ancestorTitles":["calcXY"],"duration":0,"failing":false,"failureDetails":[],"failureMessages":[],"fullName":"calcXY return {x:1, y:0}","invocations":1,"location":null,"numPassingAsserts":1,"retryReasons":[],"startAt":1774874408195,"status":"passed","title":"return {x:1, y:0}"},{"ancestorTitles":["calcXY"],"duration":1,"failing":false,"failureDetails":[],"failureMessages":[],"fullName":"calcXY return {x:0, y:1}","invocations":1,"location":null,"numPassingAsserts":1,"retryReasons":[],"startAt":1774874408195,"status":"passed","title":"return {x:0, y:1}"},{"ancestorTitles":["compactType"],"duration":0,"failing":false,"failureDetails":[],"failureMessages":[],"fullName":"compactType returns null when verticalCompact is false","invocations":1,"location":null,"numPassingAsserts":1,"retryReasons":[],"startAt":1774874408197,"status":"passed","title":"returns null when verticalCompact is false"},{"ancestorTitles":["compactType"],"duration":0,"failing":false,"failureDetails":[],"failureMessages":[],"fullName":"compactType returns compactType value when verticalCompact is true","invocations":1,"location":null,"numPassingAsserts":1,"retryReasons":[],"startAt":1774874408197,"status":"passed","title":"returns compactType value when verticalCompact is true"},{"ancestorTitles":["deepFreeze"],"duration":0,"failing":false,"failureDetails":[],"failureMessages":[],"fullName":"deepFreeze smoke test","invocations":1,"location":null,"numPassingAsserts":1,"retryReasons":[],"startAt":1774874408197,"status":"passed","title":"smoke test"},{"ancestorTitles":["deepFreeze"],"duration":0,"failing":false,"failureDetails":[],"failureMessages":[],"fullName":"deepFreeze gets nested key value","invocations":1,"location":null,"numPassingAsserts":1,"retryReasons":[],"startAt":1774874408197,"status":"passed","title":"gets nested key value"},{"ancestorTitles":["deepFreeze"],"duration":1,"failing":false,"failureDetails":[],"failureMessages":[],"fullName":"deepFreeze defaults option prop to get: true","invocations":1,"location":null,"numPassingAsserts":1,"retryReasons":[],"startAt":1774874408197,"status":"passed","title":"defaults option prop to get: true"},{"ancestorTitles":["deepFreeze"],"duration":0,"failing":false,"failureDetails":[],"failureMessages":[],"fullName":"deepFreeze does not pass check `if(options.set)` ","invocations":1,"location":null,"numPassingAsserts":1,"retryReasons":[],"startAt":1774874408198,"status":"passed","title":"does not pass check `if(options.set)` "},{"ancestorTitles":["deepFreeze"],"duration":0,"failing":false,"failureDetails":[],"failureMessages":[],"fullName":"deepFreeze returns `toJSON`","invocations":1,"location":null,"numPassingAsserts":1,"retryReasons":[],"startAt":1774874408198,"status":"passed","title":"returns `toJSON`"},{"ancestorTitles":["deepFreeze","throws \"unknown prop\" error"],"duration":0,"failing":false,"failureDetails":[],"failureMessages":[],"fullName":"deepFreeze throws \"unknown prop\" error when setting bad key","invocations":1,"location":null,"numPassingAsserts":1,"retryReasons":[],"startAt":1774874408198,"status":"passed","title":"when setting bad key"},{"ancestorTitles":["deepFreeze","throws \"unknown prop\" error"],"duration":0,"failing":false,"failureDetails":[],"failureMessages":[],"fullName":"deepFreeze throws \"unknown prop\" error when getting bad key","invocations":1,"location":null,"numPassingAsserts":1,"retryReasons":[],"startAt":1774874408198,"status":"passed","title":"when getting bad key"},{"ancestorTitles":["resizeItemInDirection","west resize"],"duration":0,"failing":false,"failureDetails":[],"failureMessages":[],"fullName":"resizeItemInDirection west resize should preserve the right edge when resizing west","invocations":1,"location":null,"numPassingAsserts":1,"retryReasons":[],"startAt":1774874408198,"status":"passed","title":"should preserve the right edge when resizing west"},{"ancestorTitles":["resizeItemInDirection","west resize"],"duration":0,"failing":false,"failureDetails":[],"failureMessages":[],"fullName":"resizeItemInDirection west resize should not shift element leftward unexpectedly during west resize","invocations":1,"location":null,"numPassingAsserts":3,"retryReasons":[],"startAt":1774874408198,"status":"passed","title":"should not shift element leftward unexpectedly during west resize"},{"ancestorTitles":["resizeItemInDirection","west resize"],"duration":0,"failing":false,"failureDetails":[],"failureMessages":[],"fullName":"resizeItemInDirection west resize should clamp width when resizing past container left edge","invocations":1,"location":null,"numPassingAsserts":2,"retryReasons":[],"startAt":1774874408198,"status":"passed","title":"should clamp width when resizing past container left edge"}],"endTime":1774874408199,"message":"","name":"/Users/mac-SGUISS21/90-temp/react-grid-layout/test/spec/utils-test.js","startTime":1774874407424,"status":"passed","summary":""},{"assertionResults":[{"ancestorTitles":["Constraints","gridBounds"],"duration":6,"failing":false,"failureDetails":[],"failureMessages":[],"fullName":"Constraints gridBounds has correct name","invocations":1,"location":null,"numPassingAsserts":1,"retryReasons":[],"startAt":1774874408127,"status":"passed","title":"has correct name"},{"ancestorTitles":["Constraints","gridBounds"],"duration":1,"failing":false,"failureDetails":[],"failureMessages":[],"fullName":"Constraints gridBounds constrains position within grid bounds","invocations":1,"location":null,"numPassingAsserts":4,"retryReasons":[],"startAt":1774874408133,"status":"passed","title":"constrains position within grid bounds"},{"ancestorTitles":["Constraints","gridBounds"],"duration":11,"failing":false,"failureDetails":[],"failureMessages":[],"fullName":"Constraints gridBounds constrains size within grid bounds","invocations":1,"location":null,"numPassingAsserts":4,"retryReasons":[],"startAt":1774874408134,"status":"passed","title":"constrains size within grid bounds"},{"ancestorTitles":["Constraints","gridBounds"],"duration":6,"failing":false,"failureDetails":[],"failureMessages":[],"fullName":"Constraints gridBounds allows valid positions unchanged","invocations":1,"location":null,"numPassingAsserts":2,"retryReasons":[],"startAt":1774874408145,"status":"passed","title":"allows valid positions unchanged"},{"ancestorTitles":["Constraints","gridBounds"],"duration":1,"failing":false,"failureDetails":[],"failureMessages":[],"fullName":"Constraints gridBounds constrains size for west-side handles based on right edge","invocations":1,"location":null,"numPassingAsserts":3,"retryReasons":[],"startAt":1774874408151,"status":"passed","title":"constrains size for west-side handles based on right edge"},{"ancestorTitles":["Constraints","gridBounds"],"duration":0,"failing":false,"failureDetails":[],"failureMessages":[],"fullName":"Constraints gridBounds constrains size for north-side handles based on bottom edge","invocations":1,"location":null,"numPassingAsserts":3,"retryReasons":[],"startAt":1774874408152,"status":"passed","title":"constrains size for north-side handles based on bottom edge"},{"ancestorTitles":["Constraints","gridBounds"],"duration":0,"failing":false,"failureDetails":[],"failureMessages":[],"fullName":"Constraints gridBounds constrains size for east-side handles based on left edge","invocations":1,"location":null,"numPassingAsserts":2,"retryReasons":[],"startAt":1774874408152,"status":"passed","title":"constrains size for east-side handles based on left edge"},{"ancestorTitles":["Constraints","gridBounds"],"duration":3,"failing":false,"failureDetails":[],"failureMessages":[],"fullName":"Constraints gridBounds constrains size for south-side handles based on top edge","invocations":1,"location":null,"numPassingAsserts":2,"retryReasons":[],"startAt":1774874408152,"status":"passed","title":"constrains size for south-side handles based on top edge"},{"ancestorTitles":["Constraints","minMaxSize"],"duration":1,"failing":false,"failureDetails":[],"failureMessages":[],"fullName":"Constraints minMaxSize has correct name","invocations":1,"location":null,"numPassingAsserts":1,"retryReasons":[],"startAt":1774874408155,"status":"passed","title":"has correct name"},{"ancestorTitles":["Constraints","minMaxSize"],"duration":0,"failing":false,"failureDetails":[],"failureMessages":[],"fullName":"Constraints minMaxSize does not have constrainPosition","invocations":1,"location":null,"numPassingAsserts":1,"retryReasons":[],"startAt":1774874408157,"status":"passed","title":"does not have constrainPosition"},{"ancestorTitles":["Constraints","minMaxSize"],"duration":1,"failing":false,"failureDetails":[],"failureMessages":[],"fullName":"Constraints minMaxSize constrains size to item min/max values","invocations":1,"location":null,"numPassingAsserts":4,"retryReasons":[],"startAt":1774874408157,"status":"passed","title":"constrains size to item min/max values"},{"ancestorTitles":["Constraints","minMaxSize"],"duration":3,"failing":false,"failureDetails":[],"failureMessages":[],"fullName":"Constraints minMaxSize uses default min of 1 when not specified","invocations":1,"location":null,"numPassingAsserts":2,"retryReasons":[],"startAt":1774874408158,"status":"passed","title":"uses default min of 1 when not specified"},{"ancestorTitles":["Constraints","minMaxSize"],"duration":3,"failing":false,"failureDetails":[],"failureMessages":[],"fullName":"Constraints minMaxSize allows Infinity max when not specified","invocations":1,"location":null,"numPassingAsserts":2,"retryReasons":[],"startAt":1774874408161,"status":"passed","title":"allows Infinity max when not specified"},{"ancestorTitles":["Constraints","containerBounds"],"duration":0,"failing":false,"failureDetails":[],"failureMessages":[],"fullName":"Constraints containerBounds has correct name","invocations":1,"location":null,"numPassingAsserts":1,"retryReasons":[],"startAt":1774874408164,"status":"passed","title":"has correct name"},{"ancestorTitles":["Constraints","containerBounds"],"duration":0,"failing":false,"failureDetails":[],"failureMessages":[],"fullName":"Constraints containerBounds constrains position using container height to calculate visible rows","invocations":1,"location":null,"numPassingAsserts":2,"retryReasons":[],"startAt":1774874408164,"status":"passed","title":"constrains position using container height to calculate visible rows"},{"ancestorTitles":["Constraints","containerBounds"],"duration":0,"failing":false,"failureDetails":[],"failureMessages":[],"fullName":"Constraints containerBounds falls back to maxRows when containerHeight is 0 (auto-height)","invocations":1,"location":null,"numPassingAsserts":2,"retryReasons":[],"startAt":1774874408164,"status":"passed","title":"falls back to maxRows when containerHeight is 0 (auto-height)"},{"ancestorTitles":["Constraints","containerBounds"],"duration":0,"failing":false,"failureDetails":[],"failureMessages":[],"fullName":"Constraints containerBounds does not have constrainSize","invocations":1,"location":null,"numPassingAsserts":1,"retryReasons":[],"startAt":1774874408164,"status":"passed","title":"does not have constrainSize"},{"ancestorTitles":["Constraints","boundedX"],"duration":0,"failing":false,"failureDetails":[],"failureMessages":[],"fullName":"Constraints boundedX has correct name","invocations":1,"location":null,"numPassingAsserts":1,"retryReasons":[],"startAt":1774874408165,"status":"passed","title":"has correct name"},{"ancestorTitles":["Constraints","boundedX"],"duration":0,"failing":false,"failureDetails":[],"failureMessages":[],"fullName":"Constraints boundedX only constrains x position","invocations":1,"location":null,"numPassingAsserts":2,"retryReasons":[],"startAt":1774874408165,"status":"passed","title":"only constrains x position"},{"ancestorTitles":["Constraints","boundedY"],"duration":0,"failing":false,"failureDetails":[],"failureMessages":[],"fullName":"Constraints boundedY has correct name","invocations":1,"location":null,"numPassingAsserts":1,"retryReasons":[],"startAt":1774874408165,"status":"passed","title":"has correct name"},{"ancestorTitles":["Constraints","boundedY"],"duration":0,"failing":false,"failureDetails":[],"failureMessages":[],"fullName":"Constraints boundedY only constrains y position","invocations":1,"location":null,"numPassingAsserts":2,"retryReasons":[],"startAt":1774874408165,"status":"passed","title":"only constrains y position"},{"ancestorTitles":["Constraints","aspectRatio factory"],"duration":0,"failing":false,"failureDetails":[],"failureMessages":[],"fullName":"Constraints aspectRatio factory creates constraint with correct name","invocations":1,"location":null,"numPassingAsserts":1,"retryReasons":[],"startAt":1774874408165,"status":"passed","title":"creates constraint with correct name"},{"ancestorTitles":["Constraints","aspectRatio factory"],"duration":0,"failing":false,"failureDetails":[],"failureMessages":[],"fullName":"Constraints aspectRatio factory maintains aspect ratio during resize (pixel-aware)","invocations":1,"location":null,"numPassingAsserts":2,"retryReasons":[],"startAt":1774874408166,"status":"passed","title":"maintains aspect ratio during resize (pixel-aware)"},{"ancestorTitles":["Constraints","aspectRatio factory"],"duration":0,"failing":false,"failureDetails":[],"failureMessages":[],"fullName":"Constraints aspectRatio factory creates square items with ratio of 1 (pixel-aware)","invocations":1,"location":null,"numPassingAsserts":2,"retryReasons":[],"startAt":1774874408166,"status":"passed","title":"creates square items with ratio of 1 (pixel-aware)"},{"ancestorTitles":["Constraints","aspectRatio factory"],"duration":0,"failing":false,"failureDetails":[],"failureMessages":[],"fullName":"Constraints aspectRatio factory ensures minimum height of 1","invocations":1,"location":null,"numPassingAsserts":1,"retryReasons":[],"startAt":1774874408166,"status":"passed","title":"ensures minimum height of 1"},{"ancestorTitles":["Constraints","aspectRatio factory"],"duration":0,"failing":false,"failureDetails":[],"failureMessages":[],"fullName":"Constraints aspectRatio factory does not have constrainPosition","invocations":1,"location":null,"numPassingAsserts":1,"retryReasons":[],"startAt":1774874408166,"status":"passed","title":"does not have constrainPosition"},{"ancestorTitles":["Constraints","snapToGrid factory"],"duration":0,"failing":false,"failureDetails":[],"failureMessages":[],"fullName":"Constraints snapToGrid factory creates constraint with correct name","invocations":1,"location":null,"numPassingAsserts":1,"retryReasons":[],"startAt":1774874408166,"status":"passed","title":"creates constraint with correct name"},{"ancestorTitles":["Constraints","snapToGrid factory"],"duration":0,"failing":false,"failureDetails":[],"failureMessages":[],"fullName":"Constraints snapToGrid factory creates constraint with different x/y steps","invocations":1,"location":null,"numPassingAsserts":1,"retryReasons":[],"startAt":1774874408166,"status":"passed","title":"creates constraint with different x/y steps"},{"ancestorTitles":["Constraints","snapToGrid factory"],"duration":1,"failing":false,"failureDetails":[],"failureMessages":[],"fullName":"Constraints snapToGrid factory snaps position to grid","invocations":1,"location":null,"numPassingAsserts":4,"retryReasons":[],"startAt":1774874408166,"status":"passed","title":"snaps position to grid"},{"ancestorTitles":["Constraints","snapToGrid factory"],"duration":0,"failing":false,"failureDetails":[],"failureMessages":[],"fullName":"Constraints snapToGrid factory snaps with different x/y steps","invocations":1,"location":null,"numPassingAsserts":2,"retryReasons":[],"startAt":1774874408167,"status":"passed","title":"snaps with different x/y steps"},{"ancestorTitles":["Constraints","snapToGrid factory"],"duration":0,"failing":false,"failureDetails":[],"failureMessages":[],"fullName":"Constraints snapToGrid factory does not have constrainSize","invocations":1,"location":null,"numPassingAsserts":1,"retryReasons":[],"startAt":1774874408167,"status":"passed","title":"does not have constrainSize"},{"ancestorTitles":["Constraints","snapToGrid factory"],"duration":14,"failing":false,"failureDetails":[],"failureMessages":[],"fullName":"Constraints snapToGrid factory throws on zero stepX","invocations":1,"location":null,"numPassingAsserts":1,"retryReasons":[],"startAt":1774874408167,"status":"passed","title":"throws on zero stepX"},{"ancestorTitles":["Constraints","snapToGrid factory"],"duration":0,"failing":false,"failureDetails":[],"failureMessages":[],"fullName":"Constraints snapToGrid factory throws on negative stepX","invocations":1,"location":null,"numPassingAsserts":1,"retryReasons":[],"startAt":1774874408181,"status":"passed","title":"throws on negative stepX"},{"ancestorTitles":["Constraints","snapToGrid factory"],"duration":1,"failing":false,"failureDetails":[],"failureMessages":[],"fullName":"Constraints snapToGrid factory throws on zero stepY","invocations":1,"location":null,"numPassingAsserts":1,"retryReasons":[],"startAt":1774874408181,"status":"passed","title":"throws on zero stepY"},{"ancestorTitles":["Constraints","snapToGrid factory"],"duration":1,"failing":false,"failureDetails":[],"failureMessages":[],"fullName":"Constraints snapToGrid factory throws on negative stepY","invocations":1,"location":null,"numPassingAsserts":1,"retryReasons":[],"startAt":1774874408182,"status":"passed","title":"throws on negative stepY"},{"ancestorTitles":["Constraints","minSize factory"],"duration":0,"failing":false,"failureDetails":[],"failureMessages":[],"fullName":"Constraints minSize factory creates constraint with correct name","invocations":1,"location":null,"numPassingAsserts":1,"retryReasons":[],"startAt":1774874408183,"status":"passed","title":"creates constraint with correct name"},{"ancestorTitles":["Constraints","minSize factory"],"duration":0,"failing":false,"failureDetails":[],"failureMessages":[],"fullName":"Constraints minSize factory enforces minimum size","invocations":1,"location":null,"numPassingAsserts":2,"retryReasons":[],"startAt":1774874408183,"status":"passed","title":"enforces minimum size"},{"ancestorTitles":["Constraints","minSize factory"],"duration":0,"failing":false,"failureDetails":[],"failureMessages":[],"fullName":"Constraints minSize factory allows sizes above minimum","invocations":1,"location":null,"numPassingAsserts":2,"retryReasons":[],"startAt":1774874408184,"status":"passed","title":"allows sizes above minimum"},{"ancestorTitles":["Constraints","maxSize factory"],"duration":0,"failing":false,"failureDetails":[],"failureMessages":[],"fullName":"Constraints maxSize factory creates constraint with correct name","invocations":1,"location":null,"numPassingAsserts":1,"retryReasons":[],"startAt":1774874408184,"status":"passed","title":"creates constraint with correct name"},{"ancestorTitles":["Constraints","maxSize factory"],"duration":1,"failing":false,"failureDetails":[],"failureMessages":[],"fullName":"Constraints maxSize factory enforces maximum size","invocations":1,"location":null,"numPassingAsserts":2,"retryReasons":[],"startAt":1774874408184,"status":"passed","title":"enforces maximum size"},{"ancestorTitles":["Constraints","maxSize factory"],"duration":0,"failing":false,"failureDetails":[],"failureMessages":[],"fullName":"Constraints maxSize factory allows sizes below maximum","invocations":1,"location":null,"numPassingAsserts":2,"retryReasons":[],"startAt":1774874408185,"status":"passed","title":"allows sizes below maximum"},{"ancestorTitles":["Constraints","defaultConstraints"],"duration":12,"failing":false,"failureDetails":[],"failureMessages":[],"fullName":"Constraints defaultConstraints includes gridBounds and minMaxSize","invocations":1,"location":null,"numPassingAsserts":2,"retryReasons":[],"startAt":1774874408185,"status":"passed","title":"includes gridBounds and minMaxSize"},{"ancestorTitles":["Constraints","defaultConstraints"],"duration":1,"failing":false,"failureDetails":[],"failureMessages":[],"fullName":"Constraints defaultConstraints has correct order (gridBounds first)","invocations":1,"location":null,"numPassingAsserts":2,"retryReasons":[],"startAt":1774874408197,"status":"passed","title":"has correct order (gridBounds first)"},{"ancestorTitles":["Constraints","applyPositionConstraints"],"duration":0,"failing":false,"failureDetails":[],"failureMessages":[],"fullName":"Constraints applyPositionConstraints applies constraints in order","invocations":1,"location":null,"numPassingAsserts":2,"retryReasons":[],"startAt":1774874408198,"status":"passed","title":"applies constraints in order"},{"ancestorTitles":["Constraints","applyPositionConstraints"],"duration":0,"failing":false,"failureDetails":[],"failureMessages":[],"fullName":"Constraints applyPositionConstraints chains multiple constraints","invocations":1,"location":null,"numPassingAsserts":2,"retryReasons":[],"startAt":1774874408198,"status":"passed","title":"chains multiple constraints"},{"ancestorTitles":["Constraints","applyPositionConstraints"],"duration":0,"failing":false,"failureDetails":[],"failureMessages":[],"fullName":"Constraints applyPositionConstraints applies per-item constraints after grid constraints","invocations":1,"location":null,"numPassingAsserts":2,"retryReasons":[],"startAt":1774874408198,"status":"passed","title":"applies per-item constraints after grid constraints"},{"ancestorTitles":["Constraints","applyPositionConstraints"],"duration":0,"failing":false,"failureDetails":[],"failureMessages":[],"fullName":"Constraints applyPositionConstraints handles empty constraints array","invocations":1,"location":null,"numPassingAsserts":2,"retryReasons":[],"startAt":1774874408198,"status":"passed","title":"handles empty constraints array"},{"ancestorTitles":["Constraints","applyPositionConstraints"],"duration":0,"failing":false,"failureDetails":[],"failureMessages":[],"fullName":"Constraints applyPositionConstraints skips constraints without constrainPosition","invocations":1,"location":null,"numPassingAsserts":2,"retryReasons":[],"startAt":1774874408198,"status":"passed","title":"skips constraints without constrainPosition"},{"ancestorTitles":["Constraints","applySizeConstraints"],"duration":0,"failing":false,"failureDetails":[],"failureMessages":[],"fullName":"Constraints applySizeConstraints applies constraints in order","invocations":1,"location":null,"numPassingAsserts":2,"retryReasons":[],"startAt":1774874408198,"status":"passed","title":"applies constraints in order"},{"ancestorTitles":["Constraints","applySizeConstraints"],"duration":0,"failing":false,"failureDetails":[],"failureMessages":[],"fullName":"Constraints applySizeConstraints chains grid bounds and min/max","invocations":1,"location":null,"numPassingAsserts":2,"retryReasons":[],"startAt":1774874408198,"status":"passed","title":"chains grid bounds and min/max"},{"ancestorTitles":["Constraints","applySizeConstraints"],"duration":0,"failing":false,"failureDetails":[],"failureMessages":[],"fullName":"Constraints applySizeConstraints applies per-item constraints after grid constraints","invocations":1,"location":null,"numPassingAsserts":2,"retryReasons":[],"startAt":1774874408198,"status":"passed","title":"applies per-item constraints after grid constraints"},{"ancestorTitles":["Constraints","applySizeConstraints"],"duration":0,"failing":false,"failureDetails":[],"failureMessages":[],"fullName":"Constraints applySizeConstraints handles empty constraints array","invocations":1,"location":null,"numPassingAsserts":2,"retryReasons":[],"startAt":1774874408199,"status":"passed","title":"handles empty constraints array"},{"ancestorTitles":["Constraints","applySizeConstraints"],"duration":0,"failing":false,"failureDetails":[],"failureMessages":[],"fullName":"Constraints applySizeConstraints skips constraints without constrainSize","invocations":1,"location":null,"numPassingAsserts":2,"retryReasons":[],"startAt":1774874408199,"status":"passed","title":"skips constraints without constrainSize"},{"ancestorTitles":["Constraints","applySizeConstraints"],"duration":0,"failing":false,"failureDetails":[],"failureMessages":[],"fullName":"Constraints applySizeConstraints passes resize handle to constraint","invocations":1,"location":null,"numPassingAsserts":1,"retryReasons":[],"startAt":1774874408199,"status":"passed","title":"passes resize handle to constraint"},{"ancestorTitles":["Constraints","LayoutConstraint interface compliance","gridBounds"],"duration":0,"failing":false,"failureDetails":[],"failureMessages":[],"fullName":"Constraints LayoutConstraint interface compliance gridBounds has a name property","invocations":1,"location":null,"numPassingAsserts":2,"retryReasons":[],"startAt":1774874408199,"status":"passed","title":"has a name property"},{"ancestorTitles":["Constraints","LayoutConstraint interface compliance","gridBounds"],"duration":0,"failing":false,"failureDetails":[],"failureMessages":[],"fullName":"Constraints LayoutConstraint interface compliance gridBounds has at least one constraint method","invocations":1,"location":null,"numPassingAsserts":1,"retryReasons":[],"startAt":1774874408199,"status":"passed","title":"has at least one constraint method"},{"ancestorTitles":["Constraints","LayoutConstraint interface compliance","minMaxSize"],"duration":0,"failing":false,"failureDetails":[],"failureMessages":[],"fullName":"Constraints LayoutConstraint interface compliance minMaxSize has a name property","invocations":1,"location":null,"numPassingAsserts":2,"retryReasons":[],"startAt":1774874408199,"status":"passed","title":"has a name property"},{"ancestorTitles":["Constraints","LayoutConstraint interface compliance","minMaxSize"],"duration":0,"failing":false,"failureDetails":[],"failureMessages":[],"fullName":"Constraints LayoutConstraint interface compliance minMaxSize has at least one constraint method","invocations":1,"location":null,"numPassingAsserts":1,"retryReasons":[],"startAt":1774874408199,"status":"passed","title":"has at least one constraint method"},{"ancestorTitles":["Constraints","LayoutConstraint interface compliance","containerBounds"],"duration":0,"failing":false,"failureDetails":[],"failureMessages":[],"fullName":"Constraints LayoutConstraint interface compliance containerBounds has a name property","invocations":1,"location":null,"numPassingAsserts":2,"retryReasons":[],"startAt":1774874408199,"status":"passed","title":"has a name property"},{"ancestorTitles":["Constraints","LayoutConstraint interface compliance","containerBounds"],"duration":0,"failing":false,"failureDetails":[],"failureMessages":[],"fullName":"Constraints LayoutConstraint interface compliance containerBounds has at least one constraint method","invocations":1,"location":null,"numPassingAsserts":1,"retryReasons":[],"startAt":1774874408199,"status":"passed","title":"has at least one constraint method"},{"ancestorTitles":["Constraints","LayoutConstraint interface compliance","boundedX"],"duration":0,"failing":false,"failureDetails":[],"failureMessages":[],"fullName":"Constraints LayoutConstraint interface compliance boundedX has a name property","invocations":1,"location":null,"numPassingAsserts":2,"retryReasons":[],"startAt":1774874408199,"status":"passed","title":"has a name property"},{"ancestorTitles":["Constraints","LayoutConstraint interface compliance","boundedX"],"duration":0,"failing":false,"failureDetails":[],"failureMessages":[],"fullName":"Constraints LayoutConstraint interface compliance boundedX has at least one constraint method","invocations":1,"location":null,"numPassingAsserts":1,"retryReasons":[],"startAt":1774874408199,"status":"passed","title":"has at least one constraint method"},{"ancestorTitles":["Constraints","LayoutConstraint interface compliance","boundedY"],"duration":1,"failing":false,"failureDetails":[],"failureMessages":[],"fullName":"Constraints LayoutConstraint interface compliance boundedY has a name property","invocations":1,"location":null,"numPassingAsserts":2,"retryReasons":[],"startAt":1774874408199,"status":"passed","title":"has a name property"},{"ancestorTitles":["Constraints","LayoutConstraint interface compliance","boundedY"],"duration":0,"failing":false,"failureDetails":[],"failureMessages":[],"fullName":"Constraints LayoutConstraint interface compliance boundedY has at least one constraint method","invocations":1,"location":null,"numPassingAsserts":1,"retryReasons":[],"startAt":1774874408200,"status":"passed","title":"has at least one constraint method"},{"ancestorTitles":["Constraints","LayoutConstraint interface compliance","aspectRatio(1)"],"duration":0,"failing":false,"failureDetails":[],"failureMessages":[],"fullName":"Constraints LayoutConstraint interface compliance aspectRatio(1) has a name property","invocations":1,"location":null,"numPassingAsserts":2,"retryReasons":[],"startAt":1774874408200,"status":"passed","title":"has a name property"},{"ancestorTitles":["Constraints","LayoutConstraint interface compliance","aspectRatio(1)"],"duration":0,"failing":false,"failureDetails":[],"failureMessages":[],"fullName":"Constraints LayoutConstraint interface compliance aspectRatio(1) has at least one constraint method","invocations":1,"location":null,"numPassingAsserts":1,"retryReasons":[],"startAt":1774874408200,"status":"passed","title":"has at least one constraint method"},{"ancestorTitles":["Constraints","LayoutConstraint interface compliance","snapToGrid(2, 2)"],"duration":0,"failing":false,"failureDetails":[],"failureMessages":[],"fullName":"Constraints LayoutConstraint interface compliance snapToGrid(2, 2) has a name property","invocations":1,"location":null,"numPassingAsserts":2,"retryReasons":[],"startAt":1774874408200,"status":"passed","title":"has a name property"},{"ancestorTitles":["Constraints","LayoutConstraint interface compliance","snapToGrid(2, 2)"],"duration":0,"failing":false,"failureDetails":[],"failureMessages":[],"fullName":"Constraints LayoutConstraint interface compliance snapToGrid(2, 2) has at least one constraint method","invocations":1,"location":null,"numPassingAsserts":1,"retryReasons":[],"startAt":1774874408200,"status":"passed","title":"has at least one constraint method"},{"ancestorTitles":["Constraints","LayoutConstraint interface compliance","minSize(1, 1)"],"duration":0,"failing":false,"failureDetails":[],"failureMessages":[],"fullName":"Constraints LayoutConstraint interface compliance minSize(1, 1) has a name property","invocations":1,"location":null,"numPassingAsserts":2,"retryReasons":[],"startAt":1774874408200,"status":"passed","title":"has a name property"},{"ancestorTitles":["Constraints","LayoutConstraint interface compliance","minSize(1, 1)"],"duration":0,"failing":false,"failureDetails":[],"failureMessages":[],"fullName":"Constraints LayoutConstraint interface compliance minSize(1, 1) has at least one constraint method","invocations":1,"location":null,"numPassingAsserts":1,"retryReasons":[],"startAt":1774874408200,"status":"passed","title":"has at least one constraint method"},{"ancestorTitles":["Constraints","LayoutConstraint interface compliance","maxSize(10, 10)"],"duration":0,"failing":false,"failureDetails":[],"failureMessages":[],"fullName":"Constraints LayoutConstraint interface compliance maxSize(10, 10) has a name property","invocations":1,"location":null,"numPassingAsserts":2,"retryReasons":[],"startAt":1774874408200,"status":"passed","title":"has a name property"},{"ancestorTitles":["Constraints","LayoutConstraint interface compliance","maxSize(10, 10)"],"duration":0,"failing":false,"failureDetails":[],"failureMessages":[],"fullName":"Constraints LayoutConstraint interface compliance maxSize(10, 10) has at least one constraint method","invocations":1,"location":null,"numPassingAsserts":1,"retryReasons":[],"startAt":1774874408200,"status":"passed","title":"has at least one constraint method"},{"ancestorTitles":["Constraints","Empty constraints behavior"],"duration":0,"failing":false,"failureDetails":[],"failureMessages":[],"fullName":"Constraints Empty constraints behavior allows sizes outside item.minW/maxW when constraints are empty","invocations":1,"location":null,"numPassingAsserts":2,"retryReasons":[],"startAt":1774874408200,"status":"passed","title":"allows sizes outside item.minW/maxW when constraints are empty"},{"ancestorTitles":["Constraints","Empty constraints behavior"],"duration":0,"failing":false,"failureDetails":[],"failureMessages":[],"fullName":"Constraints Empty constraints behavior allows positions outside grid bounds when constraints are empty","invocations":1,"location":null,"numPassingAsserts":2,"retryReasons":[],"startAt":1774874408200,"status":"passed","title":"allows positions outside grid bounds when constraints are empty"},{"ancestorTitles":["Constraints","Empty constraints behavior"],"duration":1,"failing":false,"failureDetails":[],"failureMessages":[],"fullName":"Constraints Empty constraints behavior allows negative positions when constraints are empty","invocations":1,"location":null,"numPassingAsserts":2,"retryReasons":[],"startAt":1774874408200,"status":"passed","title":"allows negative positions when constraints are empty"},{"ancestorTitles":["Constraints","boundedX allows free Y movement"],"duration":0,"failing":false,"failureDetails":[],"failureMessages":[],"fullName":"Constraints boundedX allows free Y movement does not constrain Y to maxRows","invocations":1,"location":null,"numPassingAsserts":2,"retryReasons":[],"startAt":1774874408201,"status":"passed","title":"does not constrain Y to maxRows"},{"ancestorTitles":["Constraints","boundedX allows free Y movement"],"duration":0,"failing":false,"failureDetails":[],"failureMessages":[],"fullName":"Constraints boundedX allows free Y movement allows negative Y positions","invocations":1,"location":null,"numPassingAsserts":2,"retryReasons":[],"startAt":1774874408201,"status":"passed","title":"allows negative Y positions"},{"ancestorTitles":["Constraints","boundedY allows free X movement"],"duration":0,"failing":false,"failureDetails":[],"failureMessages":[],"fullName":"Constraints boundedY allows free X movement does not constrain X to cols","invocations":1,"location":null,"numPassingAsserts":2,"retryReasons":[],"startAt":1774874408201,"status":"passed","title":"does not constrain X to cols"},{"ancestorTitles":["Constraints","boundedY allows free X movement"],"duration":0,"failing":false,"failureDetails":[],"failureMessages":[],"fullName":"Constraints boundedY allows free X movement allows negative X positions
[...]
nge after drag completes"},{"ancestorTitles":["Lifecycle tests","<ReactGridLayout>","Resizing"],"duration":14,"failing":false,"failureDetails":[],"failureMessages":[],"fullName":"Lifecycle tests <ReactGridLayout> Resizing sets up resizable handles","invocations":1,"location":null,"numPassingAsserts":8,"retryReasons":[],"startAt":1774874409204,"status":"passed","title":"sets up resizable handles"},{"ancestorTitles":["Lifecycle tests","<ReactGridLayout>","Resizing"],"duration":4,"failing":false,"failureDetails":[],"failureMessages":[],"fullName":"Lifecycle tests <ReactGridLayout> Resizing calls onResizeStart when resize begins","invocations":1,"location":null,"numPassingAsserts":1,"retryReasons":[],"startAt":1774874409218,"status":"passed","title":"calls onResizeStart when resize begins"},{"ancestorTitles":["Lifecycle tests","<ReactGridLayout>","Resizing"],"duration":3,"failing":false,"failureDetails":[],"failureMessages":[],"fullName":"Lifecycle tests <ReactGridLayout> Resizing calls onResize during resize","invocations":1,"location":null,"numPassingAsserts":1,"retryReasons":[],"startAt":1774874409222,"status":"passed","title":"calls onResize during resize"},{"ancestorTitles":["Lifecycle tests","<ReactGridLayout>","Resizing"],"duration":1,"failing":false,"failureDetails":[],"failureMessages":[],"fullName":"Lifecycle tests <ReactGridLayout> Resizing calls onResizeStop when resize ends","invocations":1,"location":null,"numPassingAsserts":1,"retryReasons":[],"startAt":1774874409225,"status":"passed","title":"calls onResizeStop when resize ends"},{"ancestorTitles":["Lifecycle tests","<ReactGridLayout>","Resizing"],"duration":2,"failing":false,"failureDetails":[],"failureMessages":[],"fullName":"Lifecycle tests <ReactGridLayout> Resizing resizes from n handle","invocations":1,"location":null,"numPassingAsserts":1,"retryReasons":[],"startAt":1774874409226,"status":"passed","title":"resizes from n handle"},{"ancestorTitles":["Lifecycle tests","<ReactGridLayout>","Resizing"],"duration":1,"failing":false,"failureDetails":[],"failureMessages":[],"fullName":"Lifecycle tests <ReactGridLayout> Resizing resizes from e handle","invocations":1,"location":null,"numPassingAsserts":1,"retryReasons":[],"startAt":1774874409228,"status":"passed","title":"resizes from e handle"},{"ancestorTitles":["Lifecycle tests","<ReactGridLayout>","Resizing"],"duration":1,"failing":false,"failureDetails":[],"failureMessages":[],"fullName":"Lifecycle tests <ReactGridLayout> Resizing resizes from s handle","invocations":1,"location":null,"numPassingAsserts":1,"retryReasons":[],"startAt":1774874409229,"status":"passed","title":"resizes from s handle"},{"ancestorTitles":["Lifecycle tests","<ReactGridLayout>","Resizing"],"duration":1,"failing":false,"failureDetails":[],"failureMessages":[],"fullName":"Lifecycle tests <ReactGridLayout> Resizing resizes from w handle","invocations":1,"location":null,"numPassingAsserts":1,"retryReasons":[],"startAt":1774874409230,"status":"passed","title":"resizes from w handle"},{"ancestorTitles":["Lifecycle tests","<ReactGridLayout>","Resizing"],"duration":2,"failing":false,"failureDetails":[],"failureMessages":[],"fullName":"Lifecycle tests <ReactGridLayout> Resizing resizes from se handle","invocations":1,"location":null,"numPassingAsserts":1,"retryReasons":[],"startAt":1774874409231,"status":"passed","title":"resizes from se handle"},{"ancestorTitles":["Lifecycle tests","<ReactGridLayout>","Resizing"],"duration":1,"failing":false,"failureDetails":[],"failureMessages":[],"fullName":"Lifecycle tests <ReactGridLayout> Resizing resizes from sw handle","invocations":1,"location":null,"numPassingAsserts":1,"retryReasons":[],"startAt":1774874409233,"status":"passed","title":"resizes from sw handle"},{"ancestorTitles":["Lifecycle tests","<ReactGridLayout>","Resizing"],"duration":1,"failing":false,"failureDetails":[],"failureMessages":[],"fullName":"Lifecycle tests <ReactGridLayout> Resizing resizes from ne handle","invocations":1,"location":null,"numPassingAsserts":1,"retryReasons":[],"startAt":1774874409234,"status":"passed","title":"resizes from ne handle"},{"ancestorTitles":["Lifecycle tests","<ReactGridLayout>","Resizing"],"duration":1,"failing":false,"failureDetails":[],"failureMessages":[],"fullName":"Lifecycle tests <ReactGridLayout> Resizing resizes from nw handle","invocations":1,"location":null,"numPassingAsserts":1,"retryReasons":[],"startAt":1774874409235,"status":"passed","title":"resizes from nw handle"},{"ancestorTitles":["Lifecycle tests","<ReactGridLayout>","Resizing"],"duration":2,"failing":false,"failureDetails":[],"failureMessages":[],"fullName":"Lifecycle tests <ReactGridLayout> Resizing does not produce NaN values in position during resize","invocations":1,"location":null,"numPassingAsserts":3,"retryReasons":[],"startAt":1774874409236,"status":"passed","title":"does not produce NaN values in position during resize"},{"ancestorTitles":["Lifecycle tests","<ReactGridLayout>","Resizing","preventCollision=true and no compaction"],"duration":2,"failing":false,"failureDetails":[],"failureMessages":[],"fullName":"Lifecycle tests <ReactGridLayout> Resizing preventCollision=true and no compaction Does not allow elements to move when resizing with no free space","invocations":1,"location":null,"numPassingAsserts":0,"retryReasons":[],"startAt":1774874409238,"status":"passed","title":"Does not allow elements to move when resizing with no free space"},{"ancestorTitles":["Lifecycle tests","<ReactGridLayout>","Resizing","preventCollision=true and no compaction"],"duration":2,"failing":false,"failureDetails":[],"failureMessages":[],"fullName":"Lifecycle tests <ReactGridLayout> Resizing preventCollision=true and no compaction Allows elements to resize within free space","invocations":1,"location":null,"numPassingAsserts":1,"retryReasons":[],"startAt":1774874409240,"status":"passed","title":"Allows elements to resize within free space"},{"ancestorTitles":["Lifecycle tests","<ReactGridLayout>","Bounded Drag"],"duration":1,"failing":false,"failureDetails":[],"failureMessages":[],"fullName":"Lifecycle tests <ReactGridLayout> Bounded Drag applies bounded class when isBounded is true","invocations":1,"location":null,"numPassingAsserts":1,"retryReasons":[],"startAt":1774874409242,"status":"passed","title":"applies bounded class when isBounded is true"},{"ancestorTitles":["Lifecycle tests","<ReactGridLayout>","Bounded Drag"],"duration":2,"failing":false,"failureDetails":[],"failureMessages":[],"fullName":"Lifecycle tests <ReactGridLayout> Bounded Drag constrains movement when isBounded is true","invocations":1,"location":null,"numPassingAsserts":5,"retryReasons":[],"startAt":1774874409243,"status":"passed","title":"constrains movement when isBounded is true"},{"ancestorTitles":["Lifecycle tests","<ResponsiveReactGridLayout>"],"duration":19,"failing":false,"failureDetails":[],"failureMessages":[],"fullName":"Lifecycle tests <ResponsiveReactGridLayout> Basic Render","invocations":1,"location":null,"numPassingAsserts":1,"retryReasons":[],"startAt":1774874409245,"status":"passed","title":"Basic Render"},{"ancestorTitles":["Lifecycle tests","<ResponsiveReactGridLayout>"],"duration":3,"failing":false,"failureDetails":[],"failureMessages":[],"fullName":"Lifecycle tests <ResponsiveReactGridLayout> Does not modify layout on movement","invocations":1,"location":null,"numPassingAsserts":1,"retryReasons":[],"startAt":1774874409264,"status":"passed","title":"Does not modify layout on movement"},{"ancestorTitles":["Lifecycle tests","React 18 Compatibility"],"duration":1,"failing":false,"failureDetails":[],"failureMessages":[],"fullName":"Lifecycle tests React 18 Compatibility renders without errors in StrictMode","invocations":1,"location":null,"numPassingAsserts":2,"retryReasons":[],"startAt":1774874409267,"status":"passed","title":"renders without errors in StrictMode"},{"ancestorTitles":["Lifecycle tests","React 18 Compatibility"],"duration":1,"failing":false,"failureDetails":[],"failureMessages":[],"fullName":"Lifecycle tests React 18 Compatibility handles concurrent updates without warnings","invocations":1,"location":null,"numPassingAsserts":1,"retryReasons":[],"startAt":1774874409268,"status":"passed","title":"handles concurrent updates without warnings"},{"ancestorTitles":["Lifecycle tests","React 18 Compatibility"],"duration":2,"failing":false,"failureDetails":[],"failureMessages":[],"fullName":"Lifecycle tests React 18 Compatibility works with multiple grid items in StrictMode","invocations":1,"location":null,"numPassingAsserts":1,"retryReasons":[],"startAt":1774874409269,"status":"passed","title":"works with multiple grid items in StrictMode"},{"ancestorTitles":["Lifecycle tests","Layout Position Verification"],"duration":1,"failing":false,"failureDetails":[],"failureMessages":[],"fullName":"Lifecycle tests Layout Position Verification positions items correctly based on data-grid","invocations":1,"location":null,"numPassingAsserts":3,"retryReasons":[],"startAt":1774874409271,"status":"passed","title":"positions items correctly based on data-grid"},{"ancestorTitles":["Lifecycle tests","Layout Position Verification"],"duration":1,"failing":false,"failureDetails":[],"failureMessages":[],"fullName":"Lifecycle tests Layout Position Verification updates positions when layout prop changes","invocations":1,"location":null,"numPassingAsserts":1,"retryReasons":[],"startAt":1774874409272,"status":"passed","title":"updates positions when layout prop changes"},{"ancestorTitles":["Lifecycle tests","Custom Compactors"],"duration":2,"failing":false,"failureDetails":[],"failureMessages":[],"fullName":"Lifecycle tests Custom Compactors calls custom compactor.compact() when layout changes (v2 API) (#2213)","invocations":1,"location":null,"numPassingAsserts":1,"retryReasons":[],"startAt":1774874409273,"status":"passed","title":"calls custom compactor.compact() when layout changes (v2 API) (#2213)"},{"ancestorTitles":["Lifecycle tests","Custom PositionStrategy"],"duration":1,"failing":false,"failureDetails":[],"failureMessages":[],"fullName":"Lifecycle tests Custom PositionStrategy calls custom positionStrategy.calcStyle() for item positioning (v2 API)","invocations":1,"location":null,"numPassingAsserts":1,"retryReasons":[],"startAt":1774874409275,"status":"passed","title":"calls custom positionStrategy.calcStyle() for item positioning (v2 API)"},{"ancestorTitles":["Lifecycle tests","Custom PositionStrategy"],"duration":3,"failing":false,"failureDetails":[],"failureMessages":[],"fullName":"Lifecycle tests Custom PositionStrategy calls custom positionStrategy.calcDragPosition() during drag (v2 API)","invocations":1,"location":null,"numPassingAsserts":1,"retryReasons":[],"startAt":1774874409276,"status":"passed","title":"calls custom positionStrategy.calcDragPosition() during drag (v2 API)"},{"ancestorTitles":["Lifecycle tests","DragConfig.threshold"],"duration":1,"failing":false,"failureDetails":[],"failureMessages":[],"fullName":"Lifecycle tests DragConfig.threshold does not start drag until mouse moves threshold pixels (v2 API)","invocations":1,"location":null,"numPassingAsserts":2,"retryReasons":[],"startAt":1774874409279,"status":"passed","title":"does not start drag until mouse moves threshold pixels (v2 API)"},{"ancestorTitles":["Lifecycle tests","DragConfig.threshold"],"duration":2,"failing":false,"failureDetails":[],"failureMessages":[],"fullName":"Lifecycle tests DragConfig.threshold uses default threshold of 3px when not specified (v2 API)","invocations":1,"location":null,"numPassingAsserts":2,"retryReasons":[],"startAt":1774874409280,"status":"passed","title":"uses default threshold of 3px when not specified (v2 API)"},{"ancestorTitles":["Lifecycle tests","Drag position bug regression"],"duration":2,"failing":false,"failureDetails":[],"failureMessages":[],"fullName":"Lifecycle tests Drag position bug regression does not cause item to jump on drag start with default positionStrategy","invocations":1,"location":null,"numPassingAsserts":3,"retryReasons":[],"startAt":1774874409282,"status":"passed","title":"does not cause item to jump on drag start with default positionStrategy"}],"endTime":1774874409285,"message":"","name":"/Users/mac-SGUISS21/90-temp/react-grid-layout/test/spec/lifecycle-test.js","startTime":1774874407411,"status":"focused","summary":""},{"assertionResults":[{"ancestorTitles":["Performance Benchmarks","Compaction Algorithm"],"duration":10,"failing":false,"failureDetails":[],"failureMessages":[],"fullName":"Performance Benchmarks Compaction Algorithm compacts 100 items (vertical)","invocations":1,"location":null,"numPassingAsserts":1,"retryReasons":[],"startAt":1774874408863,"status":"passed","title":"compacts 100 items (vertical)"},{"ancestorTitles":["Performance Benchmarks","Compaction Algorithm"],"duration":39,"failing":false,"failureDetails":[],"failureMessages":[],"fullName":"Performance Benchmarks Compaction Algorithm compacts 100 items (horizontal)","invocations":1,"location":null,"numPassingAsserts":1,"retryReasons":[],"startAt":1774874408873,"status":"passed","title":"compacts 100 items (horizontal)"},{"ancestorTitles":["Performance Benchmarks","Compaction Algorithm"],"duration":74,"failing":false,"failureDetails":[],"failureMessages":[],"fullName":"Performance Benchmarks Compaction Algorithm compacts 500 items (vertical)","invocations":1,"location":null,"numPassingAsserts":1,"retryReasons":[],"startAt":1774874408912,"status":"passed","title":"compacts 500 items (vertical)"},{"ancestorTitles":["Performance Benchmarks","Compaction Algorithm"],"duration":98,"failing":false,"failureDetails":[],"failureMessages":[],"fullName":"Performance Benchmarks Compaction Algorithm compacts 500 items (horizontal)","invocations":1,"location":null,"numPassingAsserts":1,"retryReasons":[],"startAt":1774874408986,"status":"passed","title":"compacts 500 items (horizontal)"},{"ancestorTitles":["Performance Benchmarks","Compaction Algorithm"],"duration":400,"failing":false,"failureDetails":[],"failureMessages":[],"fullName":"Performance Benchmarks Compaction Algorithm compacts 1000 items (vertical)","invocations":1,"location":null,"numPassingAsserts":1,"retryReasons":[],"startAt":1774874409084,"status":"passed","title":"compacts 1000 items (vertical)"},{"ancestorTitles":["Performance Benchmarks","Compaction Algorithm"],"duration":371,"failing":false,"failureDetails":[],"failureMessages":[],"fullName":"Performance Benchmarks Compaction Algorithm compacts 1000 items (horizontal)","invocations":1,"location":null,"numPassingAsserts":1,"retryReasons":[],"startAt":1774874409484,"status":"passed","title":"compacts 1000 items (horizontal)"},{"ancestorTitles":["Performance Benchmarks","Move Element"],"duration":1,"failing":false,"failureDetails":[],"failureMessages":[],"fullName":"Performance Benchmarks Move Element moves element in 100 item layout","invocations":1,"location":null,"numPassingAsserts":1,"retryReasons":[],"startAt":1774874409855,"status":"passed","title":"moves element in 100 item layout"},{"ancestorTitles":["Performance Benchmarks","Move Element"],"duration":6,"failing":false,"failureDetails":[],"failureMessages":[],"fullName":"Performance Benchmarks Move Element moves element in 500 item layout","invocations":1,"location":null,"numPassingAsserts":1,"retryReasons":[],"startAt":1774874409856,"status":"passed","title":"moves element in 500 item layout"},{"ancestorTitles":["Performance Benchmarks","Sort Layout"],"duration":0,"failing":false,"failureDetails":[],"failureMessages":[],"fullName":"Performance Benchmarks Sort Layout sorts 100 items by row/col","invocations":1,"location":null,"numPassingAsserts":1,"retryReasons":[],"startAt":1774874409862,"status":"passed","title":"sorts 100 items by row/col"},{"ancestorTitles":["Performance Benchmarks","Sort Layout"],"duration":2,"failing":false,"failureDetails":[],"failureMessages":[],"fullName":"Performance Benchmarks Sort Layout sorts 500 items by row/col","invocations":1,"location":null,"numPassingAsserts":1,"retryReasons":[],"startAt":1774874409862,"status":"passed","title":"sorts 500 items by row/col"},{"ancestorTitles":["Performance Benchmarks","Sort Layout"],"duration":4,"failing":false,"failureDetails":[],"failureMessages":[],"fullName":"Performance Benchmarks Sort Layout sorts 1000 items by row/col","invocations":1,"location":null,"numPassingAsserts":1,"retryReasons":[],"startAt":1774874409864,"status":"passed","title":"sorts 1000 items by row/col"},{"ancestorTitles":["Performance Benchmarks","Correct Bounds"],"duration":0,"failing":false,"failureDetails":[],"failureMessages":[],"fullName":"Performance Benchmarks Correct Bounds corrects bounds for 100 items","invocations":1,"location":null,"numPassingAsserts":1,"retryReasons":[],"startAt":1774874409868,"status":"passed","title":"corrects bounds for 100 items"},{"ancestorTitles":["Performance Benchmarks","Correct Bounds"],"duration":1,"failing":false,"failureDetails":[],"failureMessages":[],"fullName":"Performance Benchmarks Correct Bounds corrects bounds for 500 items","invocations":1,"location":null,"numPassingAsserts":1,"retryReasons":[],"startAt":1774874409868,"status":"passed","title":"corrects bounds for 500 items"},{"ancestorTitles":["Performance Benchmarks","Correct Bounds"],"duration":0,"failing":false,"failureDetails":[],"failureMessages":[],"fullName":"Performance Benchmarks Correct Bounds corrects bounds for 1000 items","invocations":1,"location":null,"numPassingAsserts":1,"retryReasons":[],"startAt":1774874409869,"status":"passed","title":"corrects bounds for 1000 items"},{"ancestorTitles":["Performance Benchmarks","Component Render"],"duration":95,"failing":false,"failureDetails":[],"failureMessages":[],"fullName":"Performance Benchmarks Component Render renders 50 items","invocations":1,"location":null,"numPassingAsserts":1,"retryReasons":[],"startAt":1774874409869,"status":"passed","title":"renders 50 items"},{"ancestorTitles":["Performance Benchmarks","Component Render"],"duration":121,"failing":false,"failureDetails":[],"failureMessages":[],"fullName":"Performance Benchmarks Component Render renders 100 items","invocations":1,"location":null,"numPassingAsserts":1,"retryReasons":[],"startAt":1774874409964,"status":"passed","title":"renders 100 items"},{"ancestorTitles":["Performance Benchmarks","Component Render"],"duration":191,"failing":false,"failureDetails":[],"failureMessages":[],"fullName":"Performance Benchmarks Component Render renders 200 items","invocations":1,"location":null,"numPassingAsserts":1,"retryReasons":[],"startAt":1774874410085,"status":"passed","title":"renders 200 items"},{"ancestorTitles":["Performance Benchmarks","Full Drag Simulation"],"duration":26,"failing":false,"failureDetails":[],"failureMessages":[],"fullName":"Performance Benchmarks Full Drag Simulation simulates drag through 100-item layout","invocations":1,"location":null,"numPassingAsserts":1,"retryReasons":[],"startAt":1774874410276,"status":"passed","title":"simulates drag through 100-item layout"},{"ancestorTitles":["Benchmark Snapshot"],"duration":11,"failing":false,"failureDetails":[],"failureMessages":[],"fullName":"Benchmark Snapshot compaction output is deterministic (100 items)","invocations":1,"location":null,"numPassingAsserts":1,"retryReasons":[],"startAt":1774874410306,"status":"passed","title":"compaction output is deterministic (100 items)"},{"ancestorTitles":["Benchmark Snapshot"],"duration":12,"failing":false,"failureDetails":[],"failureMessages":[],"fullName":"Benchmark Snapshot compaction output is deterministic (horizontal, 100 items)","invocations":1,"location":null,"numPassingAsserts":1,"retryReasons":[],"startAt":1774874410318,"status":"passed","title":"compaction output is deterministic (horizontal, 100 items)"}],"endTime":1774874410331,"message":"","name":"/Users/mac-SGUISS21/90-temp/react-grid-layout/test/spec/benchmark-test.js","startTime":1774874407417,"status":"passed","summary":""}],"wasInterrupted":false}
